{"/home/rawda/Dev/stream-mix/backend/src/server.js": {"path":"/home/rawda/Dev/stream-mix/backend/src/server.js","all":false,"statementMap":{"0":{"start":{"line":1,"column":0},"end":{"line":1,"column":30}},"1":{"start":{"line":2,"column":0},"end":{"line":2,"column":32}},"2":{"start":{"line":3,"column":0},"end":{"line":3,"column":45}},"3":{"start":{"line":4,"column":0},"end":{"line":4,"column":45}},"4":{"start":{"line":5,"column":0},"end":{"line":5,"column":47}},"5":{"start":{"line":6,"column":0},"end":{"line":6,"column":40}},"6":{"start":{"line":7,"column":0},"end":{"line":7,"column":22}},"7":{"start":{"line":8,"column":0},"end":{"line":8,"column":28}},"8":{"start":{"line":9,"column":0},"end":{"line":9,"column":27}},"9":{"start":{"line":10,"column":0},"end":{"line":10,"column":3}},"10":{"start":{"line":11,"column":0},"end":{"line":11,"column":24}},"11":{"start":{"line":12,"column":0},"end":{"line":12,"column":34}},"12":{"start":{"line":13,"column":0},"end":{"line":13,"column":33}},"13":{"start":{"line":14,"column":0},"end":{"line":14,"column":29}},"14":{"start":{"line":15,"column":0},"end":{"line":15,"column":45}},"15":{"start":{"line":16,"column":0},"end":{"line":16,"column":10}},"16":{"start":{"line":17,"column":0},"end":{"line":17,"column":32}},"17":{"start":{"line":18,"column":0},"end":{"line":18,"column":28}},"18":{"start":{"line":19,"column":0},"end":{"line":19,"column":31}},"19":{"start":{"line":20,"column":0},"end":{"line":20,"column":6}},"20":{"start":{"line":21,"column":0},"end":{"line":21,"column":45}},"21":{"start":{"line":22,"column":0},"end":{"line":22,"column":21}},"22":{"start":{"line":23,"column":0},"end":{"line":23,"column":57}},"23":{"start":{"line":24,"column":0},"end":{"line":24,"column":7}},"24":{"start":{"line":25,"column":0},"end":{"line":25,"column":33}},"25":{"start":{"line":26,"column":0},"end":{"line":26,"column":55}},"26":{"start":{"line":27,"column":0},"end":{"line":27,"column":5}},"27":{"start":{"line":28,"column":0},"end":{"line":28,"column":1}},"28":{"start":{"line":29,"column":0},"end":{"line":29,"column":28}},"29":{"start":{"line":30,"column":0},"end":{"line":30,"column":34}},"30":{"start":{"line":31,"column":0},"end":{"line":31,"column":41}},"31":{"start":{"line":32,"column":0},"end":{"line":32,"column":67}},"32":{"start":{"line":33,"column":0},"end":{"line":33,"column":19}},"33":{"start":{"line":34,"column":0},"end":{"line":34,"column":67}},"34":{"start":{"line":35,"column":0},"end":{"line":35,"column":21}},"35":{"start":{"line":36,"column":0},"end":{"line":36,"column":3}},"36":{"start":{"line":37,"column":0},"end":{"line":37,"column":3}},"37":{"start":{"line":38,"column":0},"end":{"line":38,"column":19}}},"s":{"0":1,"1":1,"2":1,"3":1,"4":1,"5":1,"6":1,"7":1,"8":0,"9":1,"10":1,"11":1,"12":1,"13":1,"14":1,"15":0,"16":0,"17":0,"18":0,"19":0,"20":0,"21":0,"22":0,"23":0,"24":0,"25":0,"26":0,"27":0,"28":1,"29":1,"30":2,"31":2,"32":2,"33":0,"34":0,"35":0,"36":1,"37":1},"branchMap":{"0":{"type":"branch","line":15,"loc":{"start":{"line":15,"column":44},"end":{"line":28,"column":1}},"locations":[{"start":{"line":15,"column":44},"end":{"line":28,"column":1}}]},"1":{"type":"branch","line":30,"loc":{"start":{"line":30,"column":8},"end":{"line":37,"column":2}},"locations":[{"start":{"line":30,"column":8},"end":{"line":37,"column":2}}]},"2":{"type":"branch","line":33,"loc":{"start":{"line":33,"column":3},"end":{"line":36,"column":3}},"locations":[{"start":{"line":33,"column":3},"end":{"line":36,"column":3}}]}},"b":{"0":[0],"1":[2],"2":[0]},"fnMap":{},"f":{}}
,"/home/rawda/Dev/stream-mix/backend/src/controllers/auth.controller.js": {"path":"/home/rawda/Dev/stream-mix/backend/src/controllers/auth.controller.js","all":false,"statementMap":{"0":{"start":{"line":1,"column":0},"end":{"line":1,"column":40}},"1":{"start":{"line":2,"column":0},"end":{"line":2,"column":39}},"2":{"start":{"line":3,"column":0},"end":{"line":3,"column":40}},"3":{"start":{"line":4,"column":0},"end":{"line":4,"column":39}},"4":{"start":{"line":5,"column":0},"end":{"line":5,"column":53}},"5":{"start":{"line":6,"column":0},"end":{"line":6,"column":80}},"6":{"start":{"line":7,"column":0},"end":{"line":7,"column":20}},"7":{"start":{"line":8,"column":0},"end":{"line":8,"column":33}},"8":{"start":{"line":9,"column":0},"end":{"line":9,"column":38}},"9":{"start":{"line":10,"column":0},"end":{"line":10,"column":7}},"10":{"start":{"line":11,"column":0},"end":{"line":11,"column":3}},"11":{"start":{"line":12,"column":0},"end":{"line":12,"column":9}},"12":{"start":{"line":13,"column":0},"end":{"line":13,"column":2}},"13":{"start":{"line":14,"column":0},"end":{"line":14,"column":42}},"14":{"start":{"line":15,"column":0},"end":{"line":15,"column":7}},"15":{"start":{"line":16,"column":0},"end":{"line":16,"column":37}},"16":{"start":{"line":17,"column":0},"end":{"line":17,"column":28}},"17":{"start":{"line":18,"column":0},"end":{"line":18,"column":7}},"18":{"start":{"line":19,"column":0},"end":{"line":19,"column":16}},"19":{"start":{"line":20,"column":0},"end":{"line":20,"column":35}},"20":{"start":{"line":21,"column":0},"end":{"line":21,"column":32}},"21":{"start":{"line":22,"column":0},"end":{"line":22,"column":9}},"22":{"start":{"line":23,"column":0},"end":{"line":23,"column":5}},"23":{"start":{"line":24,"column":0},"end":{"line":24,"column":48}},"24":{"start":{"line":25,"column":0},"end":{"line":25,"column":35}},"25":{"start":{"line":26,"column":0},"end":{"line":26,"column":49}},"26":{"start":{"line":27,"column":0},"end":{"line":27,"column":9}},"27":{"start":{"line":28,"column":0},"end":{"line":28,"column":5}},"28":{"start":{"line":29,"column":0},"end":{"line":29,"column":36}},"29":{"start":{"line":30,"column":0},"end":{"line":30,"column":7}},"30":{"start":{"line":31,"column":0},"end":{"line":31,"column":22}},"31":{"start":{"line":32,"column":0},"end":{"line":32,"column":8}},"32":{"start":{"line":33,"column":0},"end":{"line":33,"column":23}},"33":{"start":{"line":34,"column":0},"end":{"line":34,"column":6}},"34":{"start":{"line":35,"column":0},"end":{"line":35,"column":28}},"35":{"start":{"line":36,"column":0},"end":{"line":36,"column":32}},"36":{"start":{"line":37,"column":0},"end":{"line":37,"column":7}},"37":{"start":{"line":38,"column":0},"end":{"line":38,"column":21}},"38":{"start":{"line":39,"column":0},"end":{"line":39,"column":12}},"39":{"start":{"line":40,"column":0},"end":{"line":40,"column":13}},"40":{"start":{"line":41,"column":0},"end":{"line":41,"column":22}},"41":{"start":{"line":42,"column":0},"end":{"line":42,"column":24}},"42":{"start":{"line":43,"column":0},"end":{"line":43,"column":26}},"43":{"start":{"line":44,"column":0},"end":{"line":44,"column":8}},"44":{"start":{"line":45,"column":0},"end":{"line":45,"column":7}},"45":{"start":{"line":46,"column":0},"end":{"line":46,"column":17}},"46":{"start":{"line":47,"column":0},"end":{"line":47,"column":33}},"47":{"start":{"line":48,"column":0},"end":{"line":48,"column":32}},"48":{"start":{"line":49,"column":0},"end":{"line":49,"column":7}},"49":{"start":{"line":50,"column":0},"end":{"line":50,"column":3}},"50":{"start":{"line":51,"column":0},"end":{"line":51,"column":2}},"51":{"start":{"line":52,"column":0},"end":{"line":52,"column":37}},"52":{"start":{"line":53,"column":0},"end":{"line":53,"column":25}},"53":{"start":{"line":54,"column":0},"end":{"line":54,"column":21}},"54":{"start":{"line":55,"column":0},"end":{"line":55,"column":30}},"55":{"start":{"line":56,"column":0},"end":{"line":56,"column":7}},"56":{"start":{"line":57,"column":0},"end":{"line":57,"column":5}},"57":{"start":{"line":58,"column":0},"end":{"line":58,"column":40}},"58":{"start":{"line":59,"column":0},"end":{"line":59,"column":30}},"59":{"start":{"line":60,"column":0},"end":{"line":60,"column":25}},"60":{"start":{"line":61,"column":0},"end":{"line":61,"column":26}},"61":{"start":{"line":62,"column":0},"end":{"line":62,"column":3}}},"s":{"0":1,"1":0,"2":1,"3":1,"4":1,"5":3,"6":3,"7":0,"8":0,"9":0,"10":0,"11":3,"12":3,"13":1,"14":7,"15":7,"16":7,"17":7,"18":7,"19":0,"20":0,"21":0,"22":7,"23":7,"24":0,"25":0,"26":0,"27":7,"28":7,"29":7,"30":7,"31":7,"32":7,"33":7,"34":7,"35":7,"36":7,"37":7,"38":7,"39":7,"40":7,"41":7,"42":7,"43":7,"44":7,"45":0,"46":0,"47":0,"48":0,"49":1,"50":1,"51":1,"52":0,"53":0,"54":0,"55":0,"56":0,"57":1,"58":1,"59":1,"60":1,"61":1},"branchMap":{"0":{"type":"branch","line":2,"loc":{"start":{"line":2,"column":0},"end":{"line":2,"column":39}},"locations":[{"start":{"line":2,"column":0},"end":{"line":2,"column":39}}]},"1":{"type":"branch","line":2,"loc":{"start":{"line":2,"column":0},"end":{"line":2,"column":39}},"locations":[{"start":{"line":2,"column":0},"end":{"line":2,"column":39}}]},"2":{"type":"branch","line":2,"loc":{"start":{"line":2,"column":0},"end":{"line":2,"column":39}},"locations":[{"start":{"line":2,"column":0},"end":{"line":2,"column":39}}]},"3":{"type":"branch","line":2,"loc":{"start":{"line":2,"column":0},"end":{"line":2,"column":39}},"locations":[{"start":{"line":2,"column":0},"end":{"line":2,"column":39}}]},"4":{"type":"branch","line":2,"loc":{"start":{"line":2,"column":0},"end":{"line":2,"column":39}},"locations":[{"start":{"line":2,"column":0},"end":{"line":2,"column":39}}]},"5":{"type":"branch","line":2,"loc":{"start":{"line":2,"column":0},"end":{"line":2,"column":39}},"locations":[{"start":{"line":2,"column":0},"end":{"line":2,"column":39}}]},"6":{"type":"branch","line":2,"loc":{"start":{"line":2,"column":0},"end":{"line":2,"column":39}},"locations":[{"start":{"line":2,"column":0},"end":{"line":2,"column":39}}]},"7":{"type":"branch","line":5,"loc":{"start":{"line":5,"column":32},"end":{"line":13,"column":2}},"locations":[{"start":{"line":5,"column":32},"end":{"line":13,"column":2}}]},"8":{"type":"branch","line":7,"loc":{"start":{"line":7,"column":19},"end":{"line":11,"column":3}},"locations":[{"start":{"line":7,"column":19},"end":{"line":11,"column":3}}]},"9":{"type":"branch","line":14,"loc":{"start":{"line":14,"column":18},"end":{"line":14,"column":21}},"locations":[{"start":{"line":14,"column":18},"end":{"line":14,"column":21}}]},"10":{"type":"branch","line":14,"loc":{"start":{"line":14,"column":21},"end":{"line":49,"column":7}},"locations":[{"start":{"line":14,"column":21},"end":{"line":49,"column":7}}]},"11":{"type":"branch","line":14,"loc":{"start":{"line":14,"column":36},"end":{"line":49,"column":7}},"locations":[{"start":{"line":14,"column":36},"end":{"line":49,"column":7}}]},"12":{"type":"branch","line":14,"loc":{"start":{"line":14,"column":36},"end":{"line":49,"column":7}},"locations":[{"start":{"line":14,"column":36},"end":{"line":49,"column":7}}]},"13":{"type":"branch","line":14,"loc":{"start":{"line":14,"column":36},"end":{"line":18,"column":7}},"locations":[{"start":{"line":14,"column":36},"end":{"line":18,"column":7}}]},"14":{"type":"branch","line":18,"loc":{"start":{"line":18,"column":6},"end":{"line":22,"column":9}},"locations":[{"start":{"line":18,"column":6},"end":{"line":22,"column":9}}]},"15":{"type":"branch","line":19,"loc":{"start":{"line":19,"column":13},"end":{"line":22,"column":9}},"locations":[{"start":{"line":19,"column":13},"end":{"line":22,"column":9}}]},"16":{"type":"branch","line":22,"loc":{"start":{"line":22,"column":8},"end":{"line":27,"column":9}},"locations":[{"start":{"line":22,"column":8},"end":{"line":27,"column":9}}]},"17":{"type":"branch","line":24,"loc":{"start":{"line":24,"column":45},"end":{"line":27,"column":9}},"locations":[{"start":{"line":24,"column":45},"end":{"line":27,"column":9}}]},"18":{"type":"branch","line":27,"loc":{"start":{"line":27,"column":8},"end":{"line":45,"column":7}},"locations":[{"start":{"line":27,"column":8},"end":{"line":45,"column":7}}]},"19":{"type":"branch","line":45,"loc":{"start":{"line":45,"column":6},"end":{"line":49,"column":7}},"locations":[{"start":{"line":45,"column":6},"end":{"line":49,"column":7}}]},"20":{"type":"branch","line":49,"loc":{"start":{"line":49,"column":6},"end":{"line":49,"column":7}},"locations":[{"start":{"line":49,"column":6},"end":{"line":49,"column":7}}]},"21":{"type":"branch","line":49,"loc":{"start":{"line":49,"column":6},"end":{"line":49,"column":7}},"locations":[{"start":{"line":49,"column":6},"end":{"line":49,"column":7}}]}},"b":{"0":[14],"1":[0],"2":[7],"3":[2],"4":[7],"5":[7],"6":[14],"7":[3],"8":[0],"9":[2],"10":[7],"11":[21],"12":[35],"13":[7],"14":[7],"15":[0],"16":[7],"17":[0],"18":[7],"19":[0],"20":[0],"21":[7]},"fnMap":{"0":{"name":"asyncGeneratorStep","decl":{"start":{"line":2,"column":0},"end":{"line":2,"column":39}},"loc":{"start":{"line":2,"column":0},"end":{"line":2,"column":39}},"line":2},"1":{"name":"_asyncToGenerator","decl":{"start":{"line":2,"column":0},"end":{"line":2,"column":39}},"loc":{"start":{"line":2,"column":0},"end":{"line":2,"column":39}},"line":2},"2":{"name":"_next","decl":{"start":{"line":2,"column":0},"end":{"line":2,"column":39}},"loc":{"start":{"line":2,"column":0},"end":{"line":2,"column":39}},"line":2},"3":{"name":"_throw","decl":{"start":{"line":2,"column":0},"end":{"line":2,"column":39}},"loc":{"start":{"line":2,"column":0},"end":{"line":2,"column":39}},"line":2},"4":{"name":"hasAuthorization","decl":{"start":{"line":5,"column":32},"end":{"line":13,"column":2}},"loc":{"start":{"line":5,"column":32},"end":{"line":13,"column":2}},"line":5},"5":{"name":"_callee","decl":{"start":{"line":14,"column":21},"end":{"line":49,"column":7}},"loc":{"start":{"line":14,"column":21},"end":{"line":49,"column":7}},"line":14},"6":{"name":"_callee$","decl":{"start":{"line":14,"column":36},"end":{"line":49,"column":7}},"loc":{"start":{"line":14,"column":36},"end":{"line":49,"column":7}},"line":14},"7":{"name":"logout","decl":{"start":{"line":52,"column":22},"end":{"line":57,"column":5}},"loc":{"start":{"line":52,"column":22},"end":{"line":57,"column":5}},"line":52}},"f":{"0":14,"1":2,"2":14,"3":0,"4":3,"5":7,"6":21,"7":0}}
,"/home/rawda/Dev/stream-mix/backend/src/controllers/media.controller.js": {"path":"/home/rawda/Dev/stream-mix/backend/src/controllers/media.controller.js","all":false,"statementMap":{"0":{"start":{"line":1,"column":0},"end":{"line":1,"column":42}},"1":{"start":{"line":2,"column":0},"end":{"line":2,"column":35}},"2":{"start":{"line":3,"column":0},"end":{"line":3,"column":20}},"3":{"start":{"line":4,"column":0},"end":{"line":4,"column":36}},"4":{"start":{"line":5,"column":0},"end":{"line":5,"column":32}},"5":{"start":{"line":6,"column":0},"end":{"line":6,"column":18}},"6":{"start":{"line":7,"column":0},"end":{"line":7,"column":43}},"7":{"start":{"line":8,"column":0},"end":{"line":8,"column":67}},"8":{"start":{"line":9,"column":0},"end":{"line":9,"column":3}},"9":{"start":{"line":10,"column":0},"end":{"line":10,"column":0}},"10":{"start":{"line":11,"column":0},"end":{"line":11,"column":37}},"11":{"start":{"line":12,"column":0},"end":{"line":12,"column":43}},"12":{"start":{"line":13,"column":0},"end":{"line":13,"column":29}},"13":{"start":{"line":14,"column":0},"end":{"line":14,"column":49}},"14":{"start":{"line":15,"column":0},"end":{"line":15,"column":14}},"15":{"start":{"line":16,"column":0},"end":{"line":16,"column":35}},"16":{"start":{"line":17,"column":0},"end":{"line":17,"column":45}},"17":{"start":{"line":18,"column":0},"end":{"line":18,"column":9}},"18":{"start":{"line":19,"column":0},"end":{"line":19,"column":5}},"19":{"start":{"line":20,"column":0},"end":{"line":20,"column":34}},"20":{"start":{"line":21,"column":0},"end":{"line":21,"column":33}},"21":{"start":{"line":22,"column":0},"end":{"line":22,"column":22}},"22":{"start":{"line":23,"column":0},"end":{"line":23,"column":60}},"23":{"start":{"line":24,"column":0},"end":{"line":24,"column":67}},"24":{"start":{"line":25,"column":0},"end":{"line":25,"column":9}},"25":{"start":{"line":26,"column":0},"end":{"line":26,"column":66}},"26":{"start":{"line":27,"column":0},"end":{"line":27,"column":5}},"27":{"start":{"line":28,"column":0},"end":{"line":28,"column":9}},"28":{"start":{"line":29,"column":0},"end":{"line":29,"column":38}},"29":{"start":{"line":30,"column":0},"end":{"line":30,"column":49}},"30":{"start":{"line":31,"column":0},"end":{"line":31,"column":39}},"31":{"start":{"line":32,"column":0},"end":{"line":32,"column":40}},"32":{"start":{"line":33,"column":0},"end":{"line":33,"column":35}},"33":{"start":{"line":34,"column":0},"end":{"line":34,"column":19}},"34":{"start":{"line":35,"column":0},"end":{"line":35,"column":35}},"35":{"start":{"line":36,"column":0},"end":{"line":36,"column":38}},"36":{"start":{"line":37,"column":0},"end":{"line":37,"column":9}},"37":{"start":{"line":38,"column":0},"end":{"line":38,"column":5}},"38":{"start":{"line":39,"column":0},"end":{"line":39,"column":5}},"39":{"start":{"line":40,"column":0},"end":{"line":40,"column":2}},"40":{"start":{"line":41,"column":0},"end":{"line":41,"column":41}},"41":{"start":{"line":42,"column":0},"end":{"line":42,"column":7}},"42":{"start":{"line":43,"column":0},"end":{"line":43,"column":34}},"43":{"start":{"line":44,"column":0},"end":{"line":44,"column":39}},"44":{"start":{"line":45,"column":0},"end":{"line":45,"column":62}},"45":{"start":{"line":46,"column":0},"end":{"line":46,"column":29}},"46":{"start":{"line":47,"column":0},"end":{"line":47,"column":20}},"47":{"start":{"line":48,"column":0},"end":{"line":48,"column":17}},"48":{"start":{"line":49,"column":0},"end":{"line":49,"column":33}},"49":{"start":{"line":50,"column":0},"end":{"line":50,"column":36}},"50":{"start":{"line":51,"column":0},"end":{"line":51,"column":7}},"51":{"start":{"line":52,"column":0},"end":{"line":52,"column":3}},"52":{"start":{"line":53,"column":0},"end":{"line":53,"column":2}},"53":{"start":{"line":54,"column":0},"end":{"line":54,"column":56}},"54":{"start":{"line":55,"column":0},"end":{"line":55,"column":74}},"55":{"start":{"line":56,"column":0},"end":{"line":56,"column":13}},"56":{"start":{"line":57,"column":0},"end":{"line":57,"column":35}},"57":{"start":{"line":58,"column":0},"end":{"line":58,"column":31}},"58":{"start":{"line":59,"column":0},"end":{"line":59,"column":7}},"59":{"start":{"line":60,"column":0},"end":{"line":60,"column":20}},"60":{"start":{"line":61,"column":0},"end":{"line":61,"column":67}},"61":{"start":{"line":62,"column":0},"end":{"line":62,"column":18}},"62":{"start":{"line":63,"column":0},"end":{"line":63,"column":33}},"63":{"start":{"line":64,"column":0},"end":{"line":64,"column":30}},"64":{"start":{"line":65,"column":0},"end":{"line":65,"column":7}},"65":{"start":{"line":66,"column":0},"end":{"line":66,"column":3}},"66":{"start":{"line":67,"column":0},"end":{"line":67,"column":22}},"67":{"start":{"line":68,"column":0},"end":{"line":68,"column":9}},"68":{"start":{"line":69,"column":0},"end":{"line":69,"column":2}},"69":{"start":{"line":70,"column":0},"end":{"line":70,"column":0}},"70":{"start":{"line":71,"column":0},"end":{"line":71,"column":36}},"71":{"start":{"line":72,"column":0},"end":{"line":72,"column":37}},"72":{"start":{"line":73,"column":0},"end":{"line":73,"column":43}},"73":{"start":{"line":74,"column":0},"end":{"line":74,"column":57}},"74":{"start":{"line":75,"column":0},"end":{"line":75,"column":34}},"75":{"start":{"line":76,"column":0},"end":{"line":76,"column":32}},"76":{"start":{"line":77,"column":0},"end":{"line":77,"column":0}},"77":{"start":{"line":78,"column":0},"end":{"line":78,"column":45}},"78":{"start":{"line":79,"column":0},"end":{"line":79,"column":76}},"79":{"start":{"line":80,"column":0},"end":{"line":80,"column":38}},"80":{"start":{"line":81,"column":0},"end":{"line":81,"column":0}},"81":{"start":{"line":82,"column":0},"end":{"line":82,"column":24}},"82":{"start":{"line":83,"column":0},"end":{"line":83,"column":31}},"83":{"start":{"line":84,"column":0},"end":{"line":84,"column":34}},"84":{"start":{"line":85,"column":0},"end":{"line":85,"column":76}},"85":{"start":{"line":86,"column":0},"end":{"line":86,"column":43}},"86":{"start":{"line":87,"column":0},"end":{"line":87,"column":7}},"87":{"start":{"line":88,"column":0},"end":{"line":88,"column":0}},"88":{"start":{"line":89,"column":0},"end":{"line":89,"column":66}},"89":{"start":{"line":90,"column":0},"end":{"line":90,"column":12}},"90":{"start":{"line":91,"column":0},"end":{"line":91,"column":19}},"91":{"start":{"line":92,"column":0},"end":{"line":92,"column":7}},"92":{"start":{"line":93,"column":0},"end":{"line":93,"column":29}},"93":{"start":{"line":94,"column":0},"end":{"line":94,"column":38}},"94":{"start":{"line":95,"column":0},"end":{"line":95,"column":26}},"95":{"start":{"line":96,"column":0},"end":{"line":96,"column":7}},"96":{"start":{"line":97,"column":0},"end":{"line":97,"column":36}},"97":{"start":{"line":98,"column":0},"end":{"line":98,"column":16}},"98":{"start":{"line":99,"column":0},"end":{"line":99,"column":7}},"99":{"start":{"line":100,"column":0},"end":{"line":100,"column":10}},"100":{"start":{"line":101,"column":0},"end":{"line":101,"column":50}},"101":{"start":{"line":102,"column":0},"end":{"line":102,"column":53}},"102":{"start":{"line":103,"column":0},"end":{"line":103,"column":0}},"103":{"start":{"line":104,"column":0},"end":{"line":104,"column":65}},"104":{"start":{"line":105,"column":0},"end":{"line":105,"column":29}},"105":{"start":{"line":106,"column":0},"end":{"line":106,"column":38}},"106":{"start":{"line":107,"column":0},"end":{"line":107,"column":26}},"107":{"start":{"line":108,"column":0},"end":{"line":108,"column":7}},"108":{"start":{"line":109,"column":0},"end":{"line":109,"column":36}},"109":{"start":{"line":110,"column":0},"end":{"line":110,"column":16}},"110":{"start":{"line":111,"column":0},"end":{"line":111,"column":7}},"111":{"start":{"line":112,"column":0},"end":{"line":112,"column":3}},"112":{"start":{"line":113,"column":0},"end":{"line":113,"column":2}},"113":{"start":{"line":114,"column":0},"end":{"line":114,"column":48}},"114":{"start":{"line":115,"column":0},"end":{"line":115,"column":32}},"115":{"start":{"line":116,"column":0},"end":{"line":116,"column":28}},"116":{"start":{"line":117,"column":0},"end":{"line":117,"column":27}},"117":{"start":{"line":118,"column":0},"end":{"line":118,"column":4}},"118":{"start":{"line":119,"column":0},"end":{"line":119,"column":13}},"119":{"start":{"line":120,"column":0},"end":{"line":120,"column":37}},"120":{"start":{"line":121,"column":0},"end":{"line":121,"column":61}},"121":{"start":{"line":122,"column":0},"end":{"line":122,"column":18}},"122":{"start":{"line":123,"column":0},"end":{"line":123,"column":2}},"123":{"start":{"line":124,"column":0},"end":{"line":124,"column":56}},"124":{"start":{"line":125,"column":0},"end":{"line":125,"column":7}},"125":{"start":{"line":126,"column":0},"end":{"line":126,"column":26}},"126":{"start":{"line":127,"column":0},"end":{"line":127,"column":34}},"127":{"start":{"line":128,"column":0},"end":{"line":128,"column":23}},"128":{"start":{"line":129,"column":0},"end":{"line":129,"column":11}},"129":{"start":{"line":130,"column":0},"end":{"line":130,"column":17}},"130":{"start":{"line":131,"column":0},"end":{"line":131,"column":33}},"131":{"start":{"line":132,"column":0},"end":{"line":132,"column":36}},"132":{"start":{"line":133,"column":0},"end":{"line":133,"column":7}},"133":{"start":{"line":134,"column":0},"end":{"line":134,"column":3}},"134":{"start":{"line":135,"column":0},"end":{"line":135,"column":2}},"135":{"start":{"line":136,"column":0},"end":{"line":136,"column":0}},"136":{"start":{"line":137,"column":0},"end":{"line":137,"column":43}},"137":{"start":{"line":138,"column":0},"end":{"line":138,"column":24}},"138":{"start":{"line":139,"column":0},"end":{"line":139,"column":34}},"139":{"start":{"line":140,"column":0},"end":{"line":140,"column":29}},"140":{"start":{"line":141,"column":0},"end":{"line":141,"column":7}},"141":{"start":{"line":142,"column":0},"end":{"line":142,"column":36}},"142":{"start":{"line":143,"column":0},"end":{"line":143,"column":33}},"143":{"start":{"line":144,"column":0},"end":{"line":144,"column":17}},"144":{"start":{"line":145,"column":0},"end":{"line":145,"column":33}},"145":{"start":{"line":146,"column":0},"end":{"line":146,"column":36}},"146":{"start":{"line":147,"column":0},"end":{"line":147,"column":7}},"147":{"start":{"line":148,"column":0},"end":{"line":148,"column":3}},"148":{"start":{"line":149,"column":0},"end":{"line":149,"column":2}},"149":{"start":{"line":150,"column":0},"end":{"line":150,"column":43}},"150":{"start":{"line":151,"column":0},"end":{"line":151,"column":24}},"151":{"start":{"line":152,"column":0},"end":{"line":152,"column":7}},"152":{"start":{"line":153,"column":0},"end":{"line":153,"column":33}},"153":{"start":{"line":154,"column":0},"end":{"line":154,"column":46}},"154":{"start":{"line":155,"column":0},"end":{"line":155,"column":32}},"155":{"start":{"line":156,"column":0},"end":{"line":156,"column":27}},"156":{"start":{"line":157,"column":0},"end":{"line":157,"column":17}},"157":{"start":{"line":158,"column":0},"end":{"line":158,"column":33}},"158":{"start":{"line":159,"column":0},"end":{"line":159,"column":36}},"159":{"start":{"line":160,"column":0},"end":{"line":160,"column":7}},"160":{"start":{"line":161,"column":0},"end":{"line":161,"column":3}},"161":{"start":{"line":162,"column":0},"end":{"line":162,"column":2}},"162":{"start":{"line":163,"column":0},"end":{"line":163,"column":45}},"163":{"start":{"line":164,"column":0},"end":{"line":164,"column":16}},"164":{"start":{"line":165,"column":0},"end":{"line":165,"column":68}},"165":{"start":{"line":166,"column":0},"end":{"line":166,"column":18}},"166":{"start":{"line":167,"column":0},"end":{"line":167,"column":35}},"167":{"start":{"line":168,"column":0},"end":{"line":168,"column":38}},"168":{"start":{"line":169,"column":0},"end":{"line":169,"column":7}},"169":{"start":{"line":170,"column":0},"end":{"line":170,"column":3}},"170":{"start":{"line":171,"column":0},"end":{"line":171,"column":9}},"171":{"start":{"line":172,"column":0},"end":{"line":172,"column":2}},"172":{"start":{"line":173,"column":0},"end":{"line":173,"column":47}},"173":{"start":{"line":174,"column":0},"end":{"line":174,"column":7}},"174":{"start":{"line":175,"column":0},"end":{"line":175,"column":63}},"175":{"start":{"line":176,"column":0},"end":{"line":176,"column":39}},"176":{"start":{"line":177,"column":0},"end":{"line":177,"column":23}},"177":{"start":{"line":178,"column":0},"end":{"line":178,"column":14}},"178":{"start":{"line":179,"column":0},"end":{"line":179,"column":20}},"179":{"start":{"line":180,"column":0},"end":{"line":180,"column":17}},"180":{"start":{"line":181,"column":0},"end":{"line":181,"column":33}},"181":{"start":{"line":182,"column":0},"end":{"line":182,"column":36}},"182":{"start":{"line":183,"column":0},"end":{"line":183,"column":7}},"183":{"start":{"line":184,"column":0},"end":{"line":184,"column":3}},"184":{"start":{"line":185,"column":0},"end":{"line":185,"column":2}},"185":{"start":{"line":186,"column":0},"end":{"line":186,"column":48}},"186":{"start":{"line":187,"column":0},"end":{"line":187,"column":7}},"187":{"start":{"line":188,"column":0},"end":{"line":188,"column":3}},"188":{"start":{"line":189,"column":0},"end":{"line":189,"column":34}},"189":{"start":{"line":190,"column":0},"end":{"line":190,"column":39}},"190":{"start":{"line":191,"column":0},"end":{"line":191,"column":21}},"191":{"start":{"line":192,"column":0},"end":{"line":192,"column":15}},"192":{"start":{"line":193,"column":0},"end":{"line":193,"column":14}},"193":{"start":{"line":194,"column":0},"end":{"line":194,"column":0}},"194":{"start":{"line":195,"column":0},"end":{"line":195,"column":20}},"195":{"start":{"line":196,"column":0},"end":{"line":196,"column":17}},"196":{"start":{"line":197,"column":0},"end":{"line":197,"column":33}},"197":{"start":{"line":198,"column":0},"end":{"line":198,"column":36}},"198":{"start":{"line":199,"column":0},"end":{"line":199,"column":7}},"199":{"start":{"line":200,"column":0},"end":{"line":200,"column":3}},"200":{"start":{"line":201,"column":0},"end":{"line":201,"column":2}},"201":{"start":{"line":202,"column":0},"end":{"line":202,"column":44}},"202":{"start":{"line":203,"column":0},"end":{"line":203,"column":7}},"203":{"start":{"line":204,"column":0},"end":{"line":204,"column":36}},"204":{"start":{"line":205,"column":0},"end":{"line":205,"column":39}},"205":{"start":{"line":206,"column":0},"end":{"line":206,"column":23}},"206":{"start":{"line":207,"column":0},"end":{"line":207,"column":15}},"207":{"start":{"line":208,"column":0},"end":{"line":208,"column":14}},"208":{"start":{"line":209,"column":0},"end":{"line":209,"column":0}},"209":{"start":{"line":210,"column":0},"end":{"line":210,"column":20}},"210":{"start":{"line":211,"column":0},"end":{"line":211,"column":17}},"211":{"start":{"line":212,"column":0},"end":{"line":212,"column":33}},"212":{"start":{"line":213,"column":0},"end":{"line":213,"column":36}},"213":{"start":{"line":214,"column":0},"end":{"line":214,"column":7}},"214":{"start":{"line":215,"column":0},"end":{"line":215,"column":3}},"215":{"start":{"line":216,"column":0},"end":{"line":216,"column":2}}},"s":{"0":1,"1":0,"2":1,"3":1,"4":1,"5":1,"6":1,"7":2,"8":1,"9":1,"10":1,"11":1,"12":1,"13":1,"14":1,"15":0,"16":0,"17":0,"18":1,"19":1,"20":1,"21":1,"22":0,"23":0,"24":0,"25":0,"26":0,"27":1,"28":1,"29":1,"30":1,"31":1,"32":1,"33":0,"34":0,"35":0,"36":0,"37":1,"38":1,"39":1,"40":1,"41":1,"42":1,"43":1,"44":1,"45":1,"46":1,"47":0,"48":0,"49":0,"50":0,"51":1,"52":1,"53":1,"54":0,"55":0,"56":0,"57":0,"58":0,"59":0,"60":0,"61":0,"62":0,"63":0,"64":0,"65":0,"66":0,"67":0,"68":1,"69":1,"70":1,"71":0,"72":0,"73":0,"74":0,"75":0,"76":0,"77":0,"78":0,"79":0,"80":0,"81":0,"82":0,"83":0,"84":0,"85":0,"86":0,"87":0,"88":0,"89":0,"90":0,"91":0,"92":0,"93":0,"94":0,"95":0,"96":0,"97":0,"98":0,"99":0,"100":0,"101":0,"102":0,"103":0,"104":0,"105":0,"106":0,"107":0,"108":0,"109":0,"110":0,"111":0,"112":0,"113":1,"114":0,"115":0,"116":0,"117":0,"118":0,"119":0,"120":0,"121":0,"122":1,"123":1,"124":0,"125":0,"126":0,"127":0,"128":0,"129":0,"130":0,"131":0,"132":0,"133":1,"134":1,"135":1,"136":1,"137":0,"138":0,"139":0,"140":0,"141":0,"142":0,"143":0,"144":0,"145":0,"146":0,"147":1,"148":1,"149":1,"150":0,"151":0,"152":0,"153":0,"154":0,"155":0,"156":0,"157":0,"158":0,"159":0,"160":1,"161":1,"162":1,"163":0,"164":0,"165":0,"166":0,"167":0,"168":0,"169":0,"170":0,"171":0,"172":1,"173":0,"174":0,"175":0,"176":0,"177":0,"178":0,"179":0,"180":0,"181":0,"182":0,"183":1,"184":1,"185":1,"186":0,"187":0,"188":0,"189":0,"190":0,"191":0,"192":0,"193":0,"194":0,"195":0,"196":0,"197":0,"198":0,"199":1,"200":1,"201":1,"202":0,"203":0,"204":0,"205":0,"206":0,"207":0,"208":0,"209":0,"210":0,"211":0,"212":0,"213":0,"214":1,"215":1},"branchMap":{"0":{"type":"branch","line":2,"loc":{"start":{"line":2,"column":0},"end":{"line":2,"column":35}},"locations":[{"start":{"line":2,"column":0},"end":{"line":2,"column":35}}]},"1":{"type":"branch","line":2,"loc":{"start":{"line":2,"column":0},"end":{"line":2,"column":35}},"locations":[{"start":{"line":2,"column":0},"end":{"line":2,"column":35}}]},"2":{"type":"branch","line":2,"loc":{"start":{"line":2,"column":0},"end":{"line":2,"column":35}},"locations":[{"start":{"line":2,"column":0},"end":{"line":2,"column":35}}]},"3":{"type":"branch","line":2,"loc":{"start":{"line":2,"column":0},"end":{"line":2,"column":35}},"locations":[{"start":{"line":2,"column":0},"end":{"line":2,"column":35}}]},"4":{"type":"branch","line":2,"loc":{"start":{"line":2,"column":0},"end":{"line":2,"column":35}},"locations":[{"start":{"line":2,"column":0},"end":{"line":2,"column":35}}]},"5":{"type":"branch","line":2,"loc":{"start":{"line":2,"column":0},"end":{"line":2,"column":35}},"locations":[{"start":{"line":2,"column":0},"end":{"line":2,"column":35}}]},"6":{"type":"branch","line":2,"loc":{"start":{"line":2,"column":0},"end":{"line":2,"column":35}},"locations":[{"start":{"line":2,"column":0},"end":{"line":2,"column":35}}]},"7":{"type":"branch","line":7,"loc":{"start":{"line":7,"column":36},"end":{"line":9,"column":2}},"locations":[{"start":{"line":7,"column":36},"end":{"line":9,"column":2}}]},"8":{"type":"branch","line":11,"loc":{"start":{"line":11,"column":22},"end":{"line":40,"column":2}},"locations":[{"start":{"line":11,"column":22},"end":{"line":40,"column":2}}]},"9":{"type":"branch","line":14,"loc":{"start":{"line":14,"column":16},"end":{"line":39,"column":4}},"locations":[{"start":{"line":14,"column":16},"end":{"line":39,"column":4}}]},"10":{"type":"branch","line":14,"loc":{"start":{"line":14,"column":18},"end":{"line":37,"column":9}},"locations":[{"start":{"line":14,"column":18},"end":{"line":37,"column":9}}]},"11":{"type":"branch","line":14,"loc":{"start":{"line":14,"column":43},"end":{"line":37,"column":9}},"locations":[{"start":{"line":14,"column":43},"end":{"line":37,"column":9}}]},"12":{"type":"branch","line":14,"loc":{"start":{"line":14,"column":43},"end":{"line":37,"column":9}},"locations":[{"start":{"line":14,"column":43},"end":{"line":37,"column":9}}]},"13":{"type":"branch","line":14,"loc":{"start":{"line":14,"column":43},"end":{"line":18,"column":9}},"locations":[{"start":{"line":14,"column":43},"end":{"line":18,"column":9}}]},"14":{"type":"branch","line":15,"loc":{"start":{"line":15,"column":11},"end":{"line":18,"column":9}},"locations":[{"start":{"line":15,"column":11},"end":{"line":18,"column":9}}]},"15":{"type":"branch","line":18,"loc":{"start":{"line":18,"column":8},"end":{"line":29,"column":38}},"locations":[{"start":{"line":18,"column":8},"end":{"line":29,"column":38}}]},"16":{"type":"branch","line":22,"loc":{"start":{"line":22,"column":21},"end":{"line":27,"column":5}},"locations":[{"start":{"line":22,"column":21},"end":{"line":27,"column":5}}]},"17":{"type":"branch","line":29,"loc":{"start":{"line":29,"column":37},"end":{"line":33,"column":35}},"locations":[{"start":{"line":29,"column":37},"end":{"line":33,"column":35}}]},"18":{"type":"branch","line":34,"loc":{"start":{"line":34,"column":-1},"end":{"line":37,"column":9}},"locations":[{"start":{"line":34,"column":-1},"end":{"line":37,"column":9}}]},"19":{"type":"branch","line":37,"loc":{"start":{"line":37,"column":8},"end":{"line":37,"column":9}},"locations":[{"start":{"line":37,"column":8},"end":{"line":37,"column":9}}]},"20":{"type":"branch","line":37,"loc":{"start":{"line":37,"column":8},"end":{"line":37,"column":9}},"locations":[{"start":{"line":37,"column":8},"end":{"line":37,"column":9}}]},"21":{"type":"branch","line":39,"loc":{"start":{"line":39,"column":3},"end":{"line":39,"column":4}},"locations":[{"start":{"line":39,"column":3},"end":{"line":39,"column":4}}]},"22":{"type":"branch","line":41,"loc":{"start":{"line":41,"column":17},"end":{"line":41,"column":20}},"locations":[{"start":{"line":41,"column":17},"end":{"line":41,"column":20}}]},"23":{"type":"branch","line":41,"loc":{"start":{"line":41,"column":20},"end":{"line":51,"column":7}},"locations":[{"start":{"line":41,"column":20},"end":{"line":51,"column":7}}]},"24":{"type":"branch","line":41,"loc":{"start":{"line":41,"column":35},"end":{"line":51,"column":7}},"locations":[{"start":{"line":41,"column":35},"end":{"line":51,"column":7}}]},"25":{"type":"branch","line":41,"loc":{"start":{"line":41,"column":35},"end":{"line":51,"column":7}},"locations":[{"start":{"line":41,"column":35},"end":{"line":51,"column":7}}]},"26":{"type":"branch","line":41,"loc":{"start":{"line":41,"column":35},"end":{"line":46,"column":29}},"locations":[{"start":{"line":41,"column":35},"end":{"line":46,"column":29}}]},"27":{"type":"branch","line":46,"loc":{"start":{"line":46,"column":28},"end":{"line":47,"column":20}},"locations":[{"start":{"line":46,"column":28},"end":{"line":47,"column":20}}]},"28":{"type":"branch","line":48,"loc":{"start":{"line":48,"column":-1},"end":{"line":51,"column":7}},"locations":[{"start":{"line":48,"column":-1},"end":{"line":51,"column":7}}]},"29":{"type":"branch","line":51,"loc":{"start":{"line":51,"column":6},"end":{"line":51,"column":7}},"locations":[{"start":{"line":51,"column":6},"end":{"line":51,"column":7}}]},"30":{"type":"branch","line":51,"loc":{"start":{"line":51,"column":6},"end":{"line":51,"column":7}},"locations":[{"start":{"line":51,"column":6},"end":{"line":51,"column":7}}]},"31":{"type":"branch","line":54,"loc":{"start":{"line":54,"column":22},"end":{"line":54,"column":25}},"locations":[{"start":{"line":54,"column":22},"end":{"line":54,"column":25}}]},"32":{"type":"branch","line":114,"loc":{"start":{"line":114,"column":24},"end":{"line":114,"column":27}},"locations":[{"start":{"line":114,"column":24},"end":{"line":114,"column":27}}]},"33":{"type":"branch","line":124,"loc":{"start":{"line":124,"column":26},"end":{"line":124,"column":29}},"locations":[{"start":{"line":124,"column":26},"end":{"line":124,"column":29}}]},"34":{"type":"branch","line":137,"loc":{"start":{"line":137,"column":19},"end":{"line":137,"column":22}},"locations":[{"start":{"line":137,"column":19},"end":{"line":137,"column":22}}]},"35":{"type":"branch","line":150,"loc":{"start":{"line":150,"column":19},"end":{"line":150,"column":22}},"locations":[{"start":{"line":150,"column":19},"end":{"line":150,"column":22}}]},"36":{"type":"branch","line":173,"loc":{"start":{"line":173,"column":23},"end":{"line":173,"column":26}},"locations":[{"start":{"line":173,"column":23},"end":{"line":173,"column":26}}]},"37":{"type":"branch","line":186,"loc":{"start":{"line":186,"column":24},"end":{"line":186,"column":27}},"locations":[{"start":{"line":186,"column":24},"end":{"line":186,"column":27}}]},"38":{"type":"branch","line":202,"loc":{"start":{"line":202,"column":20},"end":{"line":202,"column":23}},"locations":[{"start":{"line":202,"column":20},"end":{"line":202,"column":23}}]}},"b":{"0":[4],"1":[0],"2":[2],"3":[19],"4":[2],"5":[2],"6":[4],"7":[2],"8":[1],"9":[1],"10":[1],"11":[2],"12":[4],"13":[1],"14":[0],"15":[1],"16":[0],"17":[1],"18":[0],"19":[1],"20":[1],"21":[1],"22":[2],"23":[1],"24":[2],"25":[3],"26":[1],"27":[1],"28":[0],"29":[1],"30":[1],"31":[2],"32":[2],"33":[2],"34":[2],"35":[2],"36":[2],"37":[2],"38":[2]},"fnMap":{"0":{"name":"asyncGeneratorStep","decl":{"start":{"line":2,"column":0},"end":{"line":2,"column":35}},"loc":{"start":{"line":2,"column":0},"end":{"line":2,"column":35}},"line":2},"1":{"name":"_asyncToGenerator","decl":{"start":{"line":2,"column":0},"end":{"line":2,"column":35}},"loc":{"start":{"line":2,"column":0},"end":{"line":2,"column":35}},"line":2},"2":{"name":"_next","decl":{"start":{"line":2,"column":0},"end":{"line":2,"column":35}},"loc":{"start":{"line":2,"column":0},"end":{"line":2,"column":35}},"line":2},"3":{"name":"_throw","decl":{"start":{"line":2,"column":0},"end":{"line":2,"column":35}},"loc":{"start":{"line":2,"column":0},"end":{"line":2,"column":35}},"line":2},"4":{"name":"create","decl":{"start":{"line":11,"column":22},"end":{"line":40,"column":2}},"loc":{"start":{"line":11,"column":22},"end":{"line":40,"column":2}},"line":11},"5":{"name":"_callee","decl":{"start":{"line":14,"column":18},"end":{"line":37,"column":9}},"loc":{"start":{"line":14,"column":18},"end":{"line":37,"column":9}},"line":14},"6":{"name":"_callee$","decl":{"start":{"line":14,"column":43},"end":{"line":37,"column":9}},"loc":{"start":{"line":14,"column":43},"end":{"line":37,"column":9}},"line":14},"7":{"name":"_callee2","decl":{"start":{"line":41,"column":20},"end":{"line":51,"column":7}},"loc":{"start":{"line":41,"column":20},"end":{"line":51,"column":7}},"line":41},"8":{"name":"_callee2$","decl":{"start":{"line":41,"column":35},"end":{"line":51,"column":7}},"loc":{"start":{"line":41,"column":35},"end":{"line":51,"column":7}},"line":41},"9":{"name":"_callee3","decl":{"start":{"line":54,"column":25},"end":{"line":68,"column":9}},"loc":{"start":{"line":54,"column":25},"end":{"line":68,"column":9}},"line":54},"10":{"name":"video","decl":{"start":{"line":71,"column":21},"end":{"line":113,"column":2}},"loc":{"start":{"line":71,"column":21},"end":{"line":113,"column":2}},"line":71},"11":{"name":"_callee4","decl":{"start":{"line":114,"column":27},"end":{"line":122,"column":18}},"loc":{"start":{"line":114,"column":27},"end":{"line":122,"column":18}},"line":114},"12":{"name":"_callee5","decl":{"start":{"line":124,"column":29},"end":{"line":133,"column":7}},"loc":{"start":{"line":124,"column":29},"end":{"line":133,"column":7}},"line":124},"13":{"name":"_callee6","decl":{"start":{"line":137,"column":22},"end":{"line":147,"column":7}},"loc":{"start":{"line":137,"column":22},"end":{"line":147,"column":7}},"line":137},"14":{"name":"_callee7","decl":{"start":{"line":150,"column":22},"end":{"line":160,"column":7}},"loc":{"start":{"line":150,"column":22},"end":{"line":160,"column":7}},"line":150},"15":{"name":"isPoster","decl":{"start":{"line":163,"column":24},"end":{"line":172,"column":2}},"loc":{"start":{"line":163,"column":24},"end":{"line":172,"column":2}},"line":163},"16":{"name":"_callee8","decl":{"start":{"line":173,"column":26},"end":{"line":183,"column":7}},"loc":{"start":{"line":173,"column":26},"end":{"line":183,"column":7}},"line":173},"17":{"name":"_callee9","decl":{"start":{"line":186,"column":27},"end":{"line":199,"column":7}},"loc":{"start":{"line":186,"column":27},"end":{"line":199,"column":7}},"line":186},"18":{"name":"_callee10","decl":{"start":{"line":202,"column":23},"end":{"line":214,"column":7}},"loc":{"start":{"line":202,"column":23},"end":{"line":214,"column":7}},"line":202}},"f":{"0":4,"1":19,"2":4,"3":0,"4":1,"5":1,"6":2,"7":1,"8":2,"9":0,"10":0,"11":0,"12":0,"13":0,"14":0,"15":0,"16":0,"17":0,"18":0}}
,"/home/rawda/Dev/stream-mix/backend/src/controllers/user.controller.js": {"path":"/home/rawda/Dev/stream-mix/backend/src/controllers/user.controller.js","all":false,"statementMap":{"0":{"start":{"line":1,"column":0},"end":{"line":1,"column":40}},"1":{"start":{"line":2,"column":0},"end":{"line":2,"column":23}},"2":{"start":{"line":3,"column":0},"end":{"line":3,"column":20}},"3":{"start":{"line":4,"column":0},"end":{"line":4,"column":0}},"4":{"start":{"line":5,"column":0},"end":{"line":5,"column":36}},"5":{"start":{"line":6,"column":0},"end":{"line":6,"column":55}},"6":{"start":{"line":7,"column":0},"end":{"line":7,"column":37}},"7":{"start":{"line":8,"column":0},"end":{"line":8,"column":23}},"8":{"start":{"line":9,"column":0},"end":{"line":9,"column":75}},"9":{"start":{"line":10,"column":0},"end":{"line":10,"column":0}},"10":{"start":{"line":11,"column":0},"end":{"line":11,"column":38}},"11":{"start":{"line":12,"column":0},"end":{"line":12,"column":33}},"12":{"start":{"line":13,"column":0},"end":{"line":13,"column":14}},"13":{"start":{"line":14,"column":0},"end":{"line":14,"column":158}},"14":{"start":{"line":15,"column":0},"end":{"line":15,"column":7}},"15":{"start":{"line":16,"column":0},"end":{"line":16,"column":3}},"16":{"start":{"line":17,"column":0},"end":{"line":17,"column":0}},"17":{"start":{"line":18,"column":0},"end":{"line":18,"column":9}},"18":{"start":{"line":19,"column":0},"end":{"line":19,"column":2}},"19":{"start":{"line":20,"column":0},"end":{"line":20,"column":0}},"20":{"start":{"line":21,"column":0},"end":{"line":21,"column":43}},"21":{"start":{"line":22,"column":0},"end":{"line":22,"column":34}},"22":{"start":{"line":23,"column":0},"end":{"line":23,"column":0}},"23":{"start":{"line":24,"column":0},"end":{"line":24,"column":7}},"24":{"start":{"line":25,"column":0},"end":{"line":25,"column":72}},"25":{"start":{"line":26,"column":0},"end":{"line":26,"column":28}},"26":{"start":{"line":27,"column":0},"end":{"line":27,"column":35}},"27":{"start":{"line":28,"column":0},"end":{"line":28,"column":40}},"28":{"start":{"line":29,"column":0},"end":{"line":29,"column":9}},"29":{"start":{"line":30,"column":0},"end":{"line":30,"column":5}},"30":{"start":{"line":31,"column":0},"end":{"line":31,"column":79}},"31":{"start":{"line":32,"column":0},"end":{"line":32,"column":22}},"32":{"start":{"line":33,"column":0},"end":{"line":33,"column":35}},"33":{"start":{"line":34,"column":0},"end":{"line":34,"column":33}},"34":{"start":{"line":35,"column":0},"end":{"line":35,"column":9}},"35":{"start":{"line":36,"column":0},"end":{"line":36,"column":5}},"36":{"start":{"line":37,"column":0},"end":{"line":37,"column":22}},"37":{"start":{"line":38,"column":0},"end":{"line":38,"column":0}},"38":{"start":{"line":39,"column":0},"end":{"line":39,"column":33}},"39":{"start":{"line":40,"column":0},"end":{"line":40,"column":41}},"40":{"start":{"line":41,"column":0},"end":{"line":41,"column":7}},"41":{"start":{"line":42,"column":0},"end":{"line":42,"column":17}},"42":{"start":{"line":43,"column":0},"end":{"line":43,"column":21}},"43":{"start":{"line":44,"column":0},"end":{"line":44,"column":33}},"44":{"start":{"line":45,"column":0},"end":{"line":45,"column":36}},"45":{"start":{"line":46,"column":0},"end":{"line":46,"column":7}},"46":{"start":{"line":47,"column":0},"end":{"line":47,"column":3}},"47":{"start":{"line":48,"column":0},"end":{"line":48,"column":2}},"48":{"start":{"line":49,"column":0},"end":{"line":49,"column":0}},"49":{"start":{"line":50,"column":0},"end":{"line":50,"column":55}},"50":{"start":{"line":51,"column":0},"end":{"line":51,"column":26}},"51":{"start":{"line":52,"column":0},"end":{"line":52,"column":7}},"52":{"start":{"line":53,"column":0},"end":{"line":53,"column":41}},"53":{"start":{"line":54,"column":0},"end":{"line":54,"column":14}},"54":{"start":{"line":55,"column":0},"end":{"line":55,"column":37}},"55":{"start":{"line":56,"column":0},"end":{"line":56,"column":32}},"56":{"start":{"line":57,"column":0},"end":{"line":57,"column":9}},"57":{"start":{"line":58,"column":0},"end":{"line":58,"column":23}},"58":{"start":{"line":59,"column":0},"end":{"line":59,"column":11}},"59":{"start":{"line":60,"column":0},"end":{"line":60,"column":17}},"60":{"start":{"line":61,"column":0},"end":{"line":61,"column":35}},"61":{"start":{"line":62,"column":0},"end":{"line":62,"column":39}},"62":{"start":{"line":63,"column":0},"end":{"line":63,"column":7}},"63":{"start":{"line":64,"column":0},"end":{"line":64,"column":3}},"64":{"start":{"line":65,"column":0},"end":{"line":65,"column":2}},"65":{"start":{"line":66,"column":0},"end":{"line":66,"column":35}},"66":{"start":{"line":67,"column":0},"end":{"line":67,"column":41}},"67":{"start":{"line":68,"column":0},"end":{"line":68,"column":31}},"68":{"start":{"line":69,"column":0},"end":{"line":69,"column":31}},"69":{"start":{"line":70,"column":0},"end":{"line":70,"column":2}},"70":{"start":{"line":71,"column":0},"end":{"line":71,"column":41}},"71":{"start":{"line":72,"column":0},"end":{"line":72,"column":7}},"72":{"start":{"line":73,"column":0},"end":{"line":73,"column":65}},"73":{"start":{"line":74,"column":0},"end":{"line":74,"column":20}},"74":{"start":{"line":75,"column":0},"end":{"line":75,"column":17}},"75":{"start":{"line":76,"column":0},"end":{"line":76,"column":33}},"76":{"start":{"line":77,"column":0},"end":{"line":77,"column":36}},"77":{"start":{"line":78,"column":0},"end":{"line":78,"column":7}},"78":{"start":{"line":79,"column":0},"end":{"line":79,"column":3}},"79":{"start":{"line":80,"column":0},"end":{"line":80,"column":2}},"80":{"start":{"line":81,"column":0},"end":{"line":81,"column":43}},"81":{"start":{"line":82,"column":0},"end":{"line":82,"column":45}},"82":{"start":{"line":83,"column":0},"end":{"line":83,"column":29}},"83":{"start":{"line":84,"column":0},"end":{"line":84,"column":49}},"84":{"start":{"line":85,"column":0},"end":{"line":85,"column":14}},"85":{"start":{"line":86,"column":0},"end":{"line":86,"column":35}},"86":{"start":{"line":87,"column":0},"end":{"line":87,"column":45}},"87":{"start":{"line":88,"column":0},"end":{"line":88,"column":9}},"88":{"start":{"line":89,"column":0},"end":{"line":89,"column":5}},"89":{"start":{"line":90,"column":0},"end":{"line":90,"column":27}},"90":{"start":{"line":91,"column":0},"end":{"line":91,"column":34}},"91":{"start":{"line":92,"column":0},"end":{"line":92,"column":0}},"92":{"start":{"line":93,"column":0},"end":{"line":93,"column":22}},"93":{"start":{"line":94,"column":0},"end":{"line":94,"column":62}},"94":{"start":{"line":95,"column":0},"end":{"line":95,"column":52}},"95":{"start":{"line":96,"column":0},"end":{"line":96,"column":5}},"96":{"start":{"line":97,"column":0},"end":{"line":97,"column":9}},"97":{"start":{"line":98,"column":0},"end":{"line":98,"column":24}},"98":{"start":{"line":99,"column":0},"end":{"line":99,"column":0}},"99":{"start":{"line":100,"column":0},"end":{"line":100,"column":38}},"100":{"start":{"line":101,"column":0},"end":{"line":101,"column":28}},"101":{"start":{"line":102,"column":0},"end":{"line":102,"column":32}},"102":{"start":{"line":103,"column":0},"end":{"line":103,"column":29}},"103":{"start":{"line":104,"column":0},"end":{"line":104,"column":28}},"104":{"start":{"line":105,"column":0},"end":{"line":105,"column":21}},"105":{"start":{"line":106,"column":0},"end":{"line":106,"column":35}},"106":{"start":{"line":107,"column":0},"end":{"line":107,"column":38}},"107":{"start":{"line":108,"column":0},"end":{"line":108,"column":9}},"108":{"start":{"line":109,"column":0},"end":{"line":109,"column":5}},"109":{"start":{"line":110,"column":0},"end":{"line":110,"column":5}},"110":{"start":{"line":111,"column":0},"end":{"line":111,"column":2}},"111":{"start":{"line":112,"column":0},"end":{"line":112,"column":43}},"112":{"start":{"line":113,"column":0},"end":{"line":113,"column":7}},"113":{"start":{"line":114,"column":0},"end":{"line":114,"column":27}},"114":{"start":{"line":115,"column":0},"end":{"line":115,"column":71}},"115":{"start":{"line":116,"column":0},"end":{"line":116,"column":0}},"116":{"start":{"line":117,"column":0},"end":{"line":117,"column":43}},"117":{"start":{"line":118,"column":0},"end":{"line":118,"column":33}},"118":{"start":{"line":119,"column":0},"end":{"line":119,"column":26}},"119":{"start":{"line":120,"column":0},"end":{"line":120,"column":17}},"120":{"start":{"line":121,"column":0},"end":{"line":121,"column":21}},"121":{"start":{"line":122,"column":0},"end":{"line":122,"column":33}},"122":{"start":{"line":123,"column":0},"end":{"line":123,"column":36}},"123":{"start":{"line":124,"column":0},"end":{"line":124,"column":7}},"124":{"start":{"line":125,"column":0},"end":{"line":125,"column":3}},"125":{"start":{"line":126,"column":0},"end":{"line":126,"column":2}},"126":{"start":{"line":127,"column":0},"end":{"line":127,"column":42}},"127":{"start":{"line":128,"column":0},"end":{"line":128,"column":45}},"128":{"start":{"line":129,"column":0},"end":{"line":129,"column":31}},"129":{"start":{"line":130,"column":0},"end":{"line":130,"column":59}},"130":{"start":{"line":131,"column":0},"end":{"line":131,"column":44}},"131":{"start":{"line":132,"column":0},"end":{"line":132,"column":3}},"132":{"start":{"line":133,"column":0},"end":{"line":133,"column":9}},"133":{"start":{"line":134,"column":0},"end":{"line":134,"column":2}},"134":{"start":{"line":135,"column":0},"end":{"line":135,"column":43}},"135":{"start":{"line":136,"column":0},"end":{"line":136,"column":61}},"136":{"start":{"line":137,"column":0},"end":{"line":137,"column":2}}},"s":{"0":1,"1":0,"2":1,"3":1,"4":1,"5":1,"6":3,"7":3,"8":3,"9":3,"10":3,"11":0,"12":0,"13":0,"14":0,"15":0,"16":3,"17":3,"18":3,"19":1,"20":1,"21":3,"22":3,"23":3,"24":3,"25":3,"26":1,"27":1,"28":1,"29":2,"30":2,"31":2,"32":1,"33":1,"34":1,"35":1,"36":1,"37":1,"38":1,"39":1,"40":1,"41":0,"42":0,"43":0,"44":0,"45":0,"46":1,"47":1,"48":1,"49":1,"50":6,"51":6,"52":6,"53":6,"54":0,"55":0,"56":0,"57":6,"58":6,"59":0,"60":0,"61":0,"62":0,"63":1,"64":1,"65":1,"66":1,"67":1,"68":1,"69":1,"70":1,"71":1,"72":1,"73":1,"74":0,"75":0,"76":0,"77":0,"78":1,"79":1,"80":1,"81":1,"82":1,"83":1,"84":1,"85":0,"86":0,"87":0,"88":1,"89":1,"90":1,"91":1,"92":1,"93":0,"94":0,"95":0,"96":1,"97":1,"98":1,"99":1,"100":1,"101":1,"102":1,"103":1,"104":0,"105":0,"106":0,"107":0,"108":1,"109":1,"110":1,"111":1,"112":1,"113":1,"114":1,"115":1,"116":1,"117":1,"118":1,"119":0,"120":0,"121":0,"122":0,"123":0,"124":1,"125":1,"126":1,"127":0,"128":0,"129":0,"130":0,"131":0,"132":0,"133":0,"134":1,"135":0,"136":0},"branchMap":{"0":{"type":"branch","line":2,"loc":{"start":{"line":2,"column":0},"end":{"line":2,"column":23}},"locations":[{"start":{"line":2,"column":0},"end":{"line":2,"column":23}}]},"1":{"type":"branch","line":2,"loc":{"start":{"line":2,"column":0},"end":{"line":2,"column":23}},"locations":[{"start":{"line":2,"column":0},"end":{"line":2,"column":23}}]},"2":{"type":"branch","line":2,"loc":{"start":{"line":2,"column":0},"end":{"line":2,"column":23}},"locations":[{"start":{"line":2,"column":0},"end":{"line":2,"column":23}}]},"3":{"type":"branch","line":2,"loc":{"start":{"line":2,"column":0},"end":{"line":2,"column":23}},"locations":[{"start":{"line":2,"column":0},"end":{"line":2,"column":23}}]},"4":{"type":"branch","line":2,"loc":{"start":{"line":2,"column":0},"end":{"line":2,"column":23}},"locations":[{"start":{"line":2,"column":0},"end":{"line":2,"column":23}}]},"5":{"type":"branch","line":2,"loc":{"start":{"line":2,"column":0},"end":{"line":2,"column":23}},"locations":[{"start":{"line":2,"column":0},"end":{"line":2,"column":23}}]},"6":{"type":"branch","line":2,"loc":{"start":{"line":2,"column":0},"end":{"line":2,"column":23}},"locations":[{"start":{"line":2,"column":0},"end":{"line":2,"column":23}}]},"7":{"type":"branch","line":6,"loc":{"start":{"line":6,"column":34},"end":{"line":19,"column":2}},"locations":[{"start":{"line":6,"column":34},"end":{"line":19,"column":2}}]},"8":{"type":"branch","line":11,"loc":{"start":{"line":11,"column":37},"end":{"line":16,"column":3}},"locations":[{"start":{"line":11,"column":37},"end":{"line":16,"column":3}}]},"9":{"type":"branch","line":21,"loc":{"start":{"line":21,"column":19},"end":{"line":21,"column":22}},"locations":[{"start":{"line":21,"column":19},"end":{"line":21,"column":22}}]},"10":{"type":"branch","line":21,"loc":{"start":{"line":21,"column":22},"end":{"line":46,"column":7}},"locations":[{"start":{"line":21,"column":22},"end":{"line":46,"column":7}}]},"11":{"type":"branch","line":21,"loc":{"start":{"line":21,"column":37},"end":{"line":46,"column":7}},"locations":[{"start":{"line":21,"column":37},"end":{"line":46,"column":7}}]},"12":{"type":"branch","line":21,"loc":{"start":{"line":21,"column":37},"end":{"line":46,"column":7}},"locations":[{"start":{"line":21,"column":37},"end":{"line":46,"column":7}}]},"13":{"type":"branch","line":21,"loc":{"start":{"line":21,"column":37},"end":{"line":25,"column":72}},"locations":[{"start":{"line":21,"column":37},"end":{"line":25,"column":72}}]},"14":{"type":"branch","line":25,"loc":{"start":{"line":25,"column":71},"end":{"line":29,"column":9}},"locations":[{"start":{"line":25,"column":71},"end":{"line":29,"column":9}}]},"15":{"type":"branch","line":26,"loc":{"start":{"line":26,"column":25},"end":{"line":26,"column":28}},"locations":[{"start":{"line":26,"column":25},"end":{"line":26,"column":28}}]},"16":{"type":"branch","line":26,"loc":{"start":{"line":26,"column":25},"end":{"line":29,"column":9}},"locations":[{"start":{"line":26,"column":25},"end":{"line":29,"column":9}}]},"17":{"type":"branch","line":29,"loc":{"start":{"line":29,"column":8},"end":{"line":35,"column":9}},"locations":[{"start":{"line":29,"column":8},"end":{"line":35,"column":9}}]},"18":{"type":"branch","line":32,"loc":{"start":{"line":32,"column":19},"end":{"line":35,"column":9}},"locations":[{"start":{"line":32,"column":19},"end":{"line":35,"column":9}}]},"19":{"type":"branch","line":35,"loc":{"start":{"line":35,"column":8},"end":{"line":37,"column":22}},"locations":[{"start":{"line":35,"column":8},"end":{"line":37,"column":22}}]},"20":{"type":"branch","line":37,"loc":{"start":{"line":37,"column":21},"end":{"line":41,"column":7}},"locations":[{"start":{"line":37,"column":21},"end":{"line":41,"column":7}}]},"21":{"type":"branch","line":41,"loc":{"start":{"line":41,"column":6},"end":{"line":46,"column":7}},"locations":[{"start":{"line":41,"column":6},"end":{"line":46,"column":7}}]},"22":{"type":"branch","line":46,"loc":{"start":{"line":46,"column":6},"end":{"line":46,"column":7}},"locations":[{"start":{"line":46,"column":6},"end":{"line":46,"column":7}}]},"23":{"type":"branch","line":46,"loc":{"start":{"line":46,"column":6},"end":{"line":46,"column":7}},"locations":[{"start":{"line":46,"column":6},"end":{"line":46,"column":7}}]},"24":{"type":"branch","line":50,"loc":{"start":{"line":50,"column":21},"end":{"line":50,"column":24}},"locations":[{"start":{"line":50,"column":21},"end":{"line":50,"column":24}}]},"25":{"type":"branch","line":50,"loc":{"start":{"line":50,"column":24},"end":{"line":63,"column":7}},"locations":[{"start":{"line":50,"column":24},"end":{"line":63,"column":7}}]},"26":{"type":"branch","line":50,"loc":{"start":{"line":50,"column":49},"end":{"line":63,"column":7}},"locations":[{"start":{"line":50,"column":49},"end":{"line":63,"column":7}}]},"27":{"type":"branch","line":50,"loc":{"start":{"line":50,"column":49},"end":{"line":63,"column":7}},"locations":[{"start":{"line":50,"column":49},"end":{"line":63,"column":7}}]},"28":{"type":"branch","line":50,"loc":{"start":{"line":50,"column":49},"end":{"line":53,"column":41}},"locations":[{"start":{"line":50,"column":49},"end":{"line":53,"column":41}}]},"29":{"type":"branch","line":53,"loc":{"start":{"line":53,"column":40},"end":{"line":57,"column":9}},"locations":[{"start":{"line":53,"column":40},"end":{"line":57,"column":9}}]},"30":{"type":"branch","line":54,"loc":{"start":{"line":54,"column":13},"end":{"line":57,"column":9}},"locations":[{"start":{"line":54,"column":13},"end":{"line":57,"column":9}}]},"31":{"type":"branch","line":57,"loc":{"start":{"line":57,"column":8},"end":{"line":59,"column":11}},"locations":[{"start":{"line":57,"column":8},"end":{"line":59,"column":11}}]},"32":{"type":"branch","line":60,"loc":{"start":{"line":60,"column":-1},"end":{"line":63,"column":7}},"locations":[{"start":{"line":60,"column":-1},"end":{"line":63,"column":7}}]},"33":{"type":"branch","line":63,"loc":{"start":{"line":63,"column":6},"end":{"line":63,"column":7}},"locations":[{"start":{"line":63,"column":6},"end":{"line":63,"column":7}}]},"34":{"type":"branch","line":63,"loc":{"start":{"line":63,"column":6},"end":{"line":63,"column":7}},"locations":[{"start":{"line":63,"column":6},"end":{"line":63,"column":7}}]},"35":{"type":"branch","line":66,"loc":{"start":{"line":66,"column":20},"end":{"line":70,"column":2}},"locations":[{"start":{"line":66,"column":20},"end":{"line":70,"column":2}}]},"36":{"type":"branch","line":71,"loc":{"start":{"line":71,"column":17},"end":{"line":71,"column":20}},"locations":[{"start":{"line":71,"column":17},"end":{"line":71,"column":20}}]},"37":{"type":"branch","line":71,"loc":{"start":{"line":71,"column":20},"end":{"line":78,"column":7}},"locations":[{"start":{"line":71,"column":20},"end":{"line":78,"column":7}}]},"38":{"type":"branch","line":71,"loc":{"start":{"line":71,"column":35},"end":{"line":78,"column":7}},"locations":[{"start":{"line":71,"column":35},"end":{"line":78,"column":7}}]},"39":{"type":"branch","line":71,"loc":{"start":{"line":71,"column":35},"end":{"line":78,"column":7}},"locations":[{"start":{"line":71,"column":35},"end":{"line":78,"column":7}}]},"40":{"type":"branch","line":71,"loc":{"start":{"line":71,"column":35},"end":{"line":73,"column":65}},"locations":[{"start":{"line":71,"column":35},"end":{"line":73,"column":65}}]},"41":{"type":"branch","line":73,"loc":{"start":{"line":73,"column":64},"end":{"line":74,"column":20}},"locations":[{"start":{"line":73,"column":64},"end":{"line":74,"column":20}}]},"42":{"type":"branch","line":75,"loc":{"start":{"line":75,"column":-1},"end":{"line":78,"column":7}},"locations":[{"start":{"line":75,"column":-1},"end":{"line":78,"column":7}}]},"43":{"type":"branch","line":78,"loc":{"start":{"line":78,"column":6},"end":{"line":78,"column":7}},"locations":[{"start":{"line":78,"column":6},"end":{"line":78,"column":7}}]},"44":{"type":"branch","line":78,"loc":{"start":{"line":78,"column":6},"end":{"line":78,"column":7}},"locations":[{"start":{"line":78,"column":6},"end":{"line":78,"column":7}}]},"45":{"type":"branch","line":81,"loc":{"start":{"line":81,"column":19},"end":{"line":81,"column":22}},"locations":[{"start":{"line":81,"column":19},"end":{"line":81,"column":22}}]},"46":{"type":"branch","line":81,"loc":{"start":{"line":81,"column":22},"end":{"line":110,"column":5}},"locations":[{"start":{"line":81,"column":22},"end":{"line":110,"column":5}}]},"47":{"type":"branch","line":81,"loc":{"start":{"line":81,"column":37},"end":{"line":110,"column":5}},"locations":[{"start":{"line":81,"column":37},"end":{"line":110,"column":5}}]},"48":{"type":"branch","line":84,"loc":{"start":{"line":84,"column":16},"end":{"line":110,"column":4}},"locations":[{"start":{"line":84,"column":16},"end":{"line":110,"column":4}}]},"49":{"type":"branch","line":84,"loc":{"start":{"line":84,"column":18},"end":{"line":108,"column":9}},"locations":[{"start":{"line":84,"column":18},"end":{"line":108,"column":9}}]},"50":{"type":"branch","line":84,"loc":{"start":{"line":84,"column":43},"end":{"line":108,"column":9}},"locations":[{"start":{"line":84,"column":43},"end":{"line":108,"column":9}}]},"51":{"type":"branch","line":84,"loc":{"start":{"line":84,"column":43},"end":{"line":108,"column":9}},"locations":[{"start":{"line":84,"column":43},"end":{"line":108,"column":9}}]},"52":{"type":"branch","line":84,"loc":{"start":{"line":84,"column":43},"end":{"line":88,"column":9}},"locations":[{"start":{"line":84,"column":43},"end":{"line":88,"column":9}}]},"53":{"type":"branch","line":85,"loc":{"start":{"line":85,"column":11},"end":{"line":88,"column":9}},"locations":[{"start":{"line":85,"column":11},"end":{"line":88,"column":9}}]},"54":{"type":"branch","line":88,"loc":{"start":{"line":88,"column":8},"end":{"line":98,"column":24}},"locations":[{"start":{"line":88,"column":8},"end":{"line":98,"column":24}}]},"55":{"type":"branch","line":93,"loc":{"start":{"line":93,"column":21},"end":{"line":96,"column":5}},"locations":[{"start":{"line":93,"column":21},"end":{"line":96,"column":5}}]},"56":{"type":"branch","line":98,"loc":{"start":{"line":98,"column":23},"end":{"line":104,"column":28}},"locations":[{"start":{"line":98,"column":23},"end":{"line":104,"column":28}}]},"57":{"type":"branch","line":104,"loc":{"start":{"line":104,"column":27},"end":{"line":108,"column":9}},"locations":[{"start":{"line":104,"column":27},"end":{"line":108,"column":9}}]},"58":{"type":"branch","line":108,"loc":{"start":{"line":108,"column":8},"end":{"line":108,"column":9}},"locations":[{"start":{"line":108,"column":8},"end":{"line":108,"column":9}}]},"59":{"type":"branch","line":108,"loc":{"start":{"line":108,"column":8},"end":{"line":108,"column":9}},"locations":[{"start":{"line":108,"column":8},"end":{"line":108,"column":9}}]},"60":{"type":"branch","line":110,"loc":{"start":{"line":110,"column":3},"end":{"line":110,"column":4}},"locations":[{"start":{"line":110,"column":3},"end":{"line":110,"column":4}}]},"61":{"type":"branch","line":112,"loc":{"start":{"line":112,"column":19},"end":{"line":112,"column":22}},"locations":[{"start":{"line":112,"column":19},"end":{"line":112,"column":22}}]},"62":{"type":"branch","line":112,"loc":{"start":{"line":112,"column":22},"end":{"line":124,"column":7}},"locations":[{"start":{"line":112,"column":22},"end":{"line":124,"column":7}}]},"63":{"type":"branch","line":112,"loc":{"start":{"line":112,"column":37},"end":{"line":124,"column":7}},"locations":[{"start":{"line":112,"column":37},"end":{"line":124,"column":7}}]},"64":{"type":"branch","line":112,"loc":{"start":{"line":112,"column":37},"end":{"line":124,"column":7}},"locations":[{"start":{"line":112,"column":37},"end":{"line":124,"column":7}}]},"65":{"type":"branch","line":112,"loc":{"start":{"line":112,"column":37},"end":{"line":115,"column":71}},"locations":[{"start":{"line":112,"column":37},"end":{"line":115,"column":71}}]},"66":{"type":"branch","line":115,"loc":{"start":{"line":115,"column":70},"end":{"line":119,"column":26}},"locations":[{"start":{"line":115,"column":70},"end":{"line":119,"column":26}}]},"67":{"type":"branch","line":120,"loc":{"start":{"line":120,"column":-1},"end":{"line":124,"column":7}},"locations":[{"start":{"line":120,"column":-1},"end":{"line":124,"column":7}}]},"68":{"type":"branch","line":124,"loc":{"start":{"line":124,"column":6},"end":{"line":124,"column":7}},"locations":[{"start":{"line":124,"column":6},"end":{"line":124,"column":7}}]},"69":{"type":"branch","line":124,"loc":{"start":{"line":124,"column":6},"end":{"line":124,"column":7}},"locations":[{"start":{"line":124,"column":6},"end":{"line":124,"column":7}}]}},"b":{"0":[26],"1":[0],"2":[13],"3":[11],"4":[13],"5":[13],"6":[26],"7":[3],"8":[0],"9":[2],"10":[3],"11":[10],"12":[13],"13":[3],"14":[3],"15":[2],"16":[1],"17":[2],"18":[1],"19":[1],"20":[1],"21":[0],"22":[0],"23":[3],"24":[2],"25":[6],"26":[12],"27":[24],"28":[6],"29":[6],"30":[0],"31":[6],"32":[0],"33":[6],"34":[6],"35":[1],"36":[2],"37":[1],"38":[2],"39":[3],"40":[1],"41":[1],"42":[0],"43":[1],"44":[1],"45":[2],"46":[1],"47":[1],"48":[1],"49":[1],"50":[3],"51":[4],"52":[1],"53":[0],"54":[1],"55":[0],"56":[1],"57":[0],"58":[0],"59":[1],"60":[1],"61":[2],"62":[1],"63":[2],"64":[3],"65":[1],"66":[1],"67":[0],"68":[1],"69":[1]},"fnMap":{"0":{"name":"asyncGeneratorStep","decl":{"start":{"line":2,"column":0},"end":{"line":2,"column":23}},"loc":{"start":{"line":2,"column":0},"end":{"line":2,"column":23}},"line":2},"1":{"name":"_asyncToGenerator","decl":{"start":{"line":2,"column":0},"end":{"line":2,"column":23}},"loc":{"start":{"line":2,"column":0},"end":{"line":2,"column":23}},"line":2},"2":{"name":"_next","decl":{"start":{"line":2,"column":0},"end":{"line":2,"column":23}},"loc":{"start":{"line":2,"column":0},"end":{"line":2,"column":23}},"line":2},"3":{"name":"_throw","decl":{"start":{"line":2,"column":0},"end":{"line":2,"column":23}},"loc":{"start":{"line":2,"column":0},"end":{"line":2,"column":23}},"line":2},"4":{"name":"passwordComplexity","decl":{"start":{"line":6,"column":34},"end":{"line":19,"column":2}},"loc":{"start":{"line":6,"column":34},"end":{"line":19,"column":2}},"line":6},"5":{"name":"_callee","decl":{"start":{"line":21,"column":22},"end":{"line":46,"column":7}},"loc":{"start":{"line":21,"column":22},"end":{"line":46,"column":7}},"line":21},"6":{"name":"_callee$","decl":{"start":{"line":21,"column":37},"end":{"line":46,"column":7}},"loc":{"start":{"line":21,"column":37},"end":{"line":46,"column":7}},"line":21},"7":{"name":"_callee2","decl":{"start":{"line":50,"column":24},"end":{"line":63,"column":7}},"loc":{"start":{"line":50,"column":24},"end":{"line":63,"column":7}},"line":50},"8":{"name":"_callee2$","decl":{"start":{"line":50,"column":49},"end":{"line":63,"column":7}},"loc":{"start":{"line":50,"column":49},"end":{"line":63,"column":7}},"line":50},"9":{"name":"read","decl":{"start":{"line":66,"column":20},"end":{"line":70,"column":2}},"loc":{"start":{"line":66,"column":20},"end":{"line":70,"column":2}},"line":66},"10":{"name":"_callee3","decl":{"start":{"line":71,"column":20},"end":{"line":78,"column":7}},"loc":{"start":{"line":71,"column":20},"end":{"line":78,"column":7}},"line":71},"11":{"name":"_callee3$","decl":{"start":{"line":71,"column":35},"end":{"line":78,"column":7}},"loc":{"start":{"line":71,"column":35},"end":{"line":78,"column":7}},"line":71},"12":{"name":"_callee5","decl":{"start":{"line":81,"column":22},"end":{"line":110,"column":5}},"loc":{"start":{"line":81,"column":22},"end":{"line":110,"column":5}},"line":81},"13":{"name":"_callee5$","decl":{"start":{"line":81,"column":37},"end":{"line":110,"column":5}},"loc":{"start":{"line":81,"column":37},"end":{"line":110,"column":5}},"line":81},"14":{"name":"_callee4","decl":{"start":{"line":84,"column":18},"end":{"line":108,"column":9}},"loc":{"start":{"line":84,"column":18},"end":{"line":108,"column":9}},"line":84},"15":{"name":"_callee4$","decl":{"start":{"line":84,"column":43},"end":{"line":108,"column":9}},"loc":{"start":{"line":84,"column":43},"end":{"line":108,"column":9}},"line":84},"16":{"name":"_callee6","decl":{"start":{"line":112,"column":22},"end":{"line":124,"column":7}},"loc":{"start":{"line":112,"column":22},"end":{"line":124,"column":7}},"line":112},"17":{"name":"_callee6$","decl":{"start":{"line":112,"column":37},"end":{"line":124,"column":7}},"loc":{"start":{"line":112,"column":37},"end":{"line":124,"column":7}},"line":112},"18":{"name":"photo","decl":{"start":{"line":127,"column":21},"end":{"line":134,"column":2}},"loc":{"start":{"line":127,"column":21},"end":{"line":134,"column":2}},"line":127},"19":{"name":"defaultPhoto","decl":{"start":{"line":135,"column":28},"end":{"line":137,"column":2}},"loc":{"start":{"line":135,"column":28},"end":{"line":137,"column":2}},"line":135}},"f":{"0":26,"1":11,"2":26,"3":0,"4":3,"5":3,"6":10,"7":6,"8":12,"9":1,"10":1,"11":2,"12":1,"13":1,"14":1,"15":3,"16":1,"17":2,"18":0,"19":0}}
,"/home/rawda/Dev/stream-mix/backend/src/models/media.model.js": {"path":"/home/rawda/Dev/stream-mix/backend/src/models/media.model.js","all":false,"statementMap":{"0":{"start":{"line":1,"column":0},"end":{"line":1,"column":32}},"1":{"start":{"line":2,"column":0},"end":{"line":2,"column":41}},"2":{"start":{"line":3,"column":0},"end":{"line":3,"column":10}},"3":{"start":{"line":4,"column":0},"end":{"line":4,"column":17}},"4":{"start":{"line":5,"column":0},"end":{"line":5,"column":34}},"5":{"start":{"line":6,"column":0},"end":{"line":6,"column":4}},"6":{"start":{"line":7,"column":0},"end":{"line":7,"column":22}},"7":{"start":{"line":8,"column":0},"end":{"line":8,"column":16}},"8":{"start":{"line":9,"column":0},"end":{"line":9,"column":38}},"9":{"start":{"line":10,"column":0},"end":{"line":10,"column":60}},"10":{"start":{"line":11,"column":0},"end":{"line":11,"column":12}},"11":{"start":{"line":12,"column":0},"end":{"line":12,"column":15}},"12":{"start":{"line":13,"column":0},"end":{"line":13,"column":22}},"13":{"start":{"line":14,"column":0},"end":{"line":14,"column":4}},"14":{"start":{"line":15,"column":0},"end":{"line":15,"column":12}},"15":{"start":{"line":16,"column":0},"end":{"line":16,"column":15}},"16":{"start":{"line":17,"column":0},"end":{"line":17,"column":4}},"17":{"start":{"line":18,"column":0},"end":{"line":18,"column":3}},"18":{"start":{"line":19,"column":0},"end":{"line":19,"column":0}},"19":{"start":{"line":20,"column":0},"end":{"line":20,"column":52}}},"s":{"0":1,"1":1,"2":1,"3":1,"4":1,"5":1,"6":1,"7":1,"8":1,"9":1,"10":1,"11":1,"12":1,"13":1,"14":1,"15":1,"16":1,"17":1,"18":1,"19":1},"branchMap":{},"b":{},"fnMap":{},"f":{}}
,"/home/rawda/Dev/stream-mix/backend/src/models/user.model.js": {"path":"/home/rawda/Dev/stream-mix/backend/src/models/user.model.js","all":false,"statementMap":{"0":{"start":{"line":1,"column":0},"end":{"line":1,"column":32}},"1":{"start":{"line":2,"column":0},"end":{"line":2,"column":28}},"2":{"start":{"line":3,"column":0},"end":{"line":3,"column":31}},"3":{"start":{"line":4,"column":0},"end":{"line":4,"column":30}},"4":{"start":{"line":5,"column":0},"end":{"line":5,"column":3}},"5":{"start":{"line":6,"column":0},"end":{"line":6,"column":11}},"6":{"start":{"line":7,"column":0},"end":{"line":7,"column":19}},"7":{"start":{"line":8,"column":0},"end":{"line":8,"column":21}},"8":{"start":{"line":9,"column":0},"end":{"line":9,"column":17}},"9":{"start":{"line":10,"column":0},"end":{"line":10,"column":19}},"10":{"start":{"line":11,"column":0},"end":{"line":11,"column":6}},"11":{"start":{"line":12,"column":0},"end":{"line":12,"column":12}},"12":{"start":{"line":13,"column":0},"end":{"line":13,"column":19}},"13":{"start":{"line":14,"column":0},"end":{"line":14,"column":21}},"14":{"start":{"line":15,"column":0},"end":{"line":15,"column":19}},"15":{"start":{"line":16,"column":0},"end":{"line":16,"column":17}},"16":{"start":{"line":17,"column":0},"end":{"line":17,"column":6}},"17":{"start":{"line":18,"column":0},"end":{"line":18,"column":21}},"18":{"start":{"line":19,"column":0},"end":{"line":19,"column":19}},"19":{"start":{"line":20,"column":0},"end":{"line":20,"column":39}},"20":{"start":{"line":21,"column":0},"end":{"line":21,"column":6}},"21":{"start":{"line":22,"column":0},"end":{"line":22,"column":12}},"22":{"start":{"line":23,"column":0},"end":{"line":23,"column":19}},"23":{"start":{"line":24,"column":0},"end":{"line":24,"column":26}},"24":{"start":{"line":25,"column":0},"end":{"line":25,"column":6}},"25":{"start":{"line":26,"column":0},"end":{"line":26,"column":12}},"26":{"start":{"line":27,"column":0},"end":{"line":27,"column":19}},"27":{"start":{"line":28,"column":0},"end":{"line":28,"column":17}},"28":{"start":{"line":29,"column":0},"end":{"line":29,"column":6}},"29":{"start":{"line":30,"column":0},"end":{"line":30,"column":17}},"30":{"start":{"line":31,"column":0},"end":{"line":31,"column":18}},"31":{"start":{"line":32,"column":0},"end":{"line":32,"column":4}},"32":{"start":{"line":33,"column":0},"end":{"line":33,"column":0}},"33":{"start":{"line":34,"column":0},"end":{"line":34,"column":22}},"34":{"start":{"line":35,"column":0},"end":{"line":35,"column":2}},"35":{"start":{"line":36,"column":0},"end":{"line":36,"column":10}},"36":{"start":{"line":37,"column":0},"end":{"line":37,"column":22}},"37":{"start":{"line":38,"column":0},"end":{"line":38,"column":28}},"38":{"start":{"line":39,"column":0},"end":{"line":39,"column":30}},"39":{"start":{"line":40,"column":0},"end":{"line":40,"column":32}},"40":{"start":{"line":41,"column":0},"end":{"line":41,"column":57}},"41":{"start":{"line":42,"column":0},"end":{"line":42,"column":4}},"42":{"start":{"line":43,"column":0},"end":{"line":43,"column":20}},"43":{"start":{"line":44,"column":0},"end":{"line":44,"column":26}},"44":{"start":{"line":45,"column":0},"end":{"line":45,"column":5}},"45":{"start":{"line":46,"column":0},"end":{"line":46,"column":0}},"46":{"start":{"line":47,"column":0},"end":{"line":47,"column":57}},"47":{"start":{"line":48,"column":0},"end":{"line":48,"column":52}},"48":{"start":{"line":49,"column":0},"end":{"line":49,"column":75}},"49":{"start":{"line":50,"column":0},"end":{"line":50,"column":3}},"50":{"start":{"line":51,"column":0},"end":{"line":51,"column":38}},"51":{"start":{"line":52,"column":0},"end":{"line":52,"column":56}},"52":{"start":{"line":53,"column":0},"end":{"line":53,"column":3}},"53":{"start":{"line":54,"column":0},"end":{"line":54,"column":9}},"54":{"start":{"line":55,"column":0},"end":{"line":55,"column":0}},"55":{"start":{"line":56,"column":0},"end":{"line":56,"column":22}},"56":{"start":{"line":57,"column":0},"end":{"line":57,"column":38}},"57":{"start":{"line":58,"column":0},"end":{"line":58,"column":67}},"58":{"start":{"line":59,"column":0},"end":{"line":59,"column":4}},"59":{"start":{"line":60,"column":0},"end":{"line":60,"column":40}},"60":{"start":{"line":61,"column":0},"end":{"line":61,"column":29}},"61":{"start":{"line":62,"column":0},"end":{"line":62,"column":9}},"62":{"start":{"line":63,"column":0},"end":{"line":63,"column":19}},"63":{"start":{"line":64,"column":0},"end":{"line":64,"column":38}},"64":{"start":{"line":65,"column":0},"end":{"line":65,"column":25}},"65":{"start":{"line":66,"column":0},"end":{"line":66,"column":23}},"66":{"start":{"line":67,"column":0},"end":{"line":67,"column":19}},"67":{"start":{"line":68,"column":0},"end":{"line":68,"column":16}},"68":{"start":{"line":69,"column":0},"end":{"line":69,"column":5}},"69":{"start":{"line":70,"column":0},"end":{"line":70,"column":4}},"70":{"start":{"line":71,"column":0},"end":{"line":71,"column":25}},"71":{"start":{"line":72,"column":0},"end":{"line":72,"column":65}},"72":{"start":{"line":73,"column":0},"end":{"line":73,"column":4}},"73":{"start":{"line":74,"column":0},"end":{"line":74,"column":2}},"74":{"start":{"line":75,"column":0},"end":{"line":75,"column":0}},"75":{"start":{"line":76,"column":0},"end":{"line":76,"column":50}}},"s":{"0":1,"1":1,"2":1,"3":1,"4":1,"5":1,"6":1,"7":1,"8":1,"9":1,"10":1,"11":1,"12":1,"13":1,"14":1,"15":1,"16":1,"17":1,"18":1,"19":1,"20":1,"21":1,"22":1,"23":1,"24":1,"25":1,"26":1,"27":1,"28":1,"29":1,"30":1,"31":1,"32":1,"33":1,"34":1,"35":1,"36":1,"37":1,"38":14,"39":14,"40":14,"41":14,"42":1,"43":1,"44":1,"45":1,"46":1,"47":12,"48":0,"49":0,"50":12,"51":0,"52":0,"53":1,"54":1,"55":1,"56":1,"57":7,"58":1,"59":1,"60":21,"61":21,"62":21,"63":21,"64":21,"65":21,"66":21,"67":0,"68":0,"69":1,"70":1,"71":14,"72":14,"73":1,"74":1,"75":1},"branchMap":{"0":{"type":"branch","line":38,"loc":{"start":{"line":38,"column":7},"end":{"line":42,"column":4}},"locations":[{"start":{"line":38,"column":7},"end":{"line":42,"column":4}}]},"1":{"type":"branch","line":43,"loc":{"start":{"line":43,"column":7},"end":{"line":45,"column":4}},"locations":[{"start":{"line":43,"column":7},"end":{"line":45,"column":4}}]},"2":{"type":"branch","line":47,"loc":{"start":{"line":47,"column":43},"end":{"line":54,"column":3}},"locations":[{"start":{"line":47,"column":43},"end":{"line":54,"column":3}}]},"3":{"type":"branch","line":48,"loc":{"start":{"line":48,"column":51},"end":{"line":50,"column":3}},"locations":[{"start":{"line":48,"column":51},"end":{"line":50,"column":3}}]},"4":{"type":"branch","line":51,"loc":{"start":{"line":51,"column":16},"end":{"line":51,"column":35}},"locations":[{"start":{"line":51,"column":16},"end":{"line":51,"column":35}}]},"5":{"type":"branch","line":51,"loc":{"start":{"line":51,"column":37},"end":{"line":53,"column":3}},"locations":[{"start":{"line":51,"column":37},"end":{"line":53,"column":3}}]},"6":{"type":"branch","line":57,"loc":{"start":{"line":57,"column":16},"end":{"line":59,"column":3}},"locations":[{"start":{"line":57,"column":16},"end":{"line":59,"column":3}}]},"7":{"type":"branch","line":60,"loc":{"start":{"line":60,"column":19},"end":{"line":70,"column":3}},"locations":[{"start":{"line":60,"column":19},"end":{"line":70,"column":3}}]},"8":{"type":"branch","line":61,"loc":{"start":{"line":61,"column":19},"end":{"line":61,"column":29}},"locations":[{"start":{"line":61,"column":19},"end":{"line":61,"column":29}}]},"9":{"type":"branch","line":67,"loc":{"start":{"line":67,"column":6},"end":{"line":69,"column":5}},"locations":[{"start":{"line":67,"column":6},"end":{"line":69,"column":5}}]},"10":{"type":"branch","line":71,"loc":{"start":{"line":71,"column":12},"end":{"line":73,"column":4}},"locations":[{"start":{"line":71,"column":12},"end":{"line":73,"column":4}}]}},"b":{"0":[14],"1":[1],"2":[12],"3":[0],"4":[11],"5":[0],"6":[7],"7":[21],"8":[0],"9":[0],"10":[14]},"fnMap":{"0":{"name":"authenticate","decl":{"start":{"line":57,"column":16},"end":{"line":59,"column":3}},"loc":{"start":{"line":57,"column":16},"end":{"line":59,"column":3}},"line":57},"1":{"name":"encryptPassword","decl":{"start":{"line":60,"column":19},"end":{"line":70,"column":3}},"loc":{"start":{"line":60,"column":19},"end":{"line":70,"column":3}},"line":60},"2":{"name":"makeSalt","decl":{"start":{"line":71,"column":12},"end":{"line":73,"column":4}},"loc":{"start":{"line":71,"column":12},"end":{"line":73,"column":4}},"line":71}},"f":{"0":7,"1":21,"2":14}}
,"/home/rawda/Dev/stream-mix/backend/src/routes/auth.route.js": {"path":"/home/rawda/Dev/stream-mix/backend/src/routes/auth.route.js","all":false,"statementMap":{"0":{"start":{"line":1,"column":0},"end":{"line":1,"column":40}},"1":{"start":{"line":2,"column":0},"end":{"line":2,"column":33}},"2":{"start":{"line":3,"column":0},"end":{"line":3,"column":63}},"3":{"start":{"line":4,"column":0},"end":{"line":4,"column":24}},"4":{"start":{"line":5,"column":0},"end":{"line":5,"column":35}},"5":{"start":{"line":6,"column":0},"end":{"line":6,"column":36}},"6":{"start":{"line":7,"column":0},"end":{"line":7,"column":22}}},"s":{"0":1,"1":1,"2":1,"3":1,"4":1,"5":1,"6":1},"branchMap":{},"b":{},"fnMap":{},"f":{}}
[...]
,"/home/rawda/Dev/stream-mix/backend/src/routes/user.route.js": {"path":"/home/rawda/Dev/stream-mix/backend/src/routes/user.route.js","all":false,"statementMap":{"0":{"start":{"line":1,"column":0},"end":{"line":1,"column":30}},"1":{"start":{"line":2,"column":0},"end":{"line":2,"column":8}},"2":{"start":{"line":3,"column":0},"end":{"line":3,"column":9}},"3":{"start":{"line":4,"column":0},"end":{"line":4,"column":7}},"4":{"start":{"line":5,"column":0},"end":{"line":5,"column":11}},"5":{"start":{"line":6,"column":0},"end":{"line":6,"column":7}},"6":{"start":{"line":7,"column":0},"end":{"line":7,"column":9}},"7":{"start":{"line":8,"column":0},"end":{"line":8,"column":9}},"8":{"start":{"line":9,"column":0},"end":{"line":9,"column":21}},"9":{"start":{"line":10,"column":0},"end":{"line":10,"column":8}},"10":{"start":{"line":11,"column":0},"end":{"line":11,"column":15}},"11":{"start":{"line":12,"column":0},"end":{"line":12,"column":40}},"12":{"start":{"line":13,"column":0},"end":{"line":13,"column":80}},"13":{"start":{"line":14,"column":0},"end":{"line":14,"column":36}},"14":{"start":{"line":15,"column":0},"end":{"line":15,"column":53}},"15":{"start":{"line":16,"column":0},"end":{"line":16,"column":79}},"16":{"start":{"line":17,"column":0},"end":{"line":17,"column":10}},"17":{"start":{"line":18,"column":0},"end":{"line":18,"column":20}},"18":{"start":{"line":19,"column":0},"end":{"line":19,"column":26}},"19":{"start":{"line":20,"column":0},"end":{"line":20,"column":46}},"20":{"start":{"line":21,"column":0},"end":{"line":21,"column":50}},"21":{"start":{"line":22,"column":0},"end":{"line":22,"column":60}},"22":{"start":{"line":23,"column":0},"end":{"line":23,"column":37}},"23":{"start":{"line":24,"column":0},"end":{"line":24,"column":26}}},"s":{"0":1,"1":1,"2":1,"3":1,"4":1,"5":1,"6":1,"7":1,"8":1,"9":1,"10":1,"11":1,"12":1,"13":1,"14":1,"15":1,"16":1,"17":1,"18":1,"19":1,"20":1,"21":1,"22":1,"23":1},"branchMap":{},"b":{},"fnMap":{},"f":{}}
,"/home/rawda/Dev/stream-mix/backend/src/tests/authHeader.js": {"path":"/home/rawda/Dev/stream-mix/backend/src/tests/authHeader.js","all":false,"statementMap":{"0":{"start":{"line":1,"column":0},"end":{"line":1,"column":40}},"1":{"start":{"line":2,"column":0},"end":{"line":2,"column":34}},"2":{"start":{"line":3,"column":0},"end":{"line":3,"column":28}},"3":{"start":{"line":4,"column":0},"end":{"line":4,"column":31}},"4":{"start":{"line":5,"column":0},"end":{"line":5,"column":0}},"5":{"start":{"line":6,"column":0},"end":{"line":6,"column":16}},"6":{"start":{"line":7,"column":0},"end":{"line":7,"column":39}},"7":{"start":{"line":8,"column":0},"end":{"line":8,"column":19}},"8":{"start":{"line":9,"column":0},"end":{"line":9,"column":17}},"9":{"start":{"line":10,"column":0},"end":{"line":10,"column":28}},"10":{"start":{"line":11,"column":0},"end":{"line":11,"column":30}},"11":{"start":{"line":12,"column":0},"end":{"line":12,"column":5}},"12":{"start":{"line":13,"column":0},"end":{"line":13,"column":27}},"13":{"start":{"line":14,"column":0},"end":{"line":14,"column":14}},"14":{"start":{"line":15,"column":0},"end":{"line":15,"column":2}},"15":{"start":{"line":16,"column":0},"end":{"line":16,"column":42}},"16":{"start":{"line":17,"column":0},"end":{"line":17,"column":58}},"17":{"start":{"line":18,"column":0},"end":{"line":18,"column":28}},"18":{"start":{"line":19,"column":0},"end":{"line":19,"column":30}},"19":{"start":{"line":20,"column":0},"end":{"line":20,"column":5}},"20":{"start":{"line":21,"column":0},"end":{"line":21,"column":0}},"21":{"start":{"line":22,"column":0},"end":{"line":22,"column":24}},"22":{"start":{"line":23,"column":0},"end":{"line":23,"column":2}}},"s":{"0":1,"1":0,"2":1,"3":1,"4":1,"5":1,"6":1,"7":7,"8":7,"9":7,"10":7,"11":7,"12":7,"13":7,"14":1,"15":1,"16":7,"17":7,"18":7,"19":7,"20":7,"21":7,"22":1},"branchMap":{"0":{"type":"branch","line":2,"loc":{"start":{"line":2,"column":0},"end":{"line":2,"column":34}},"locations":[{"start":{"line":2,"column":0},"end":{"line":2,"column":34}}]},"1":{"type":"branch","line":2,"loc":{"start":{"line":2,"column":0},"end":{"line":2,"column":34}},"locations":[{"start":{"line":2,"column":0},"end":{"line":2,"column":34}}]},"2":{"type":"branch","line":2,"loc":{"start":{"line":2,"column":0},"end":{"line":2,"column":34}},"locations":[{"start":{"line":2,"column":0},"end":{"line":2,"column":34}}]},"3":{"type":"branch","line":2,"loc":{"start":{"line":2,"column":0},"end":{"line":2,"column":34}},"locations":[{"start":{"line":2,"column":0},"end":{"line":2,"column":34}}]},"4":{"type":"branch","line":2,"loc":{"start":{"line":2,"column":0},"end":{"line":2,"column":34}},"locations":[{"start":{"line":2,"column":0},"end":{"line":2,"column":34}}]},"5":{"type":"branch","line":2,"loc":{"start":{"line":2,"column":0},"end":{"line":2,"column":34}},"locations":[{"start":{"line":2,"column":0},"end":{"line":2,"column":34}}]},"6":{"type":"branch","line":2,"loc":{"start":{"line":2,"column":0},"end":{"line":2,"column":34}},"locations":[{"start":{"line":2,"column":0},"end":{"line":2,"column":34}}]},"7":{"type":"branch","line":7,"loc":{"start":{"line":7,"column":23},"end":{"line":7,"column":26}},"locations":[{"start":{"line":7,"column":23},"end":{"line":7,"column":26}}]},"8":{"type":"branch","line":7,"loc":{"start":{"line":7,"column":26},"end":{"line":14,"column":14}},"locations":[{"start":{"line":7,"column":26},"end":{"line":14,"column":14}}]},"9":{"type":"branch","line":7,"loc":{"start":{"line":7,"column":26},"end":{"line":14,"column":14}},"locations":[{"start":{"line":7,"column":26},"end":{"line":14,"column":14}}]},"10":{"type":"branch","line":7,"loc":{"start":{"line":7,"column":26},"end":{"line":13,"column":27}},"locations":[{"start":{"line":7,"column":26},"end":{"line":13,"column":27}}]},"11":{"type":"branch","line":13,"loc":{"start":{"line":13,"column":26},"end":{"line":14,"column":14}},"locations":[{"start":{"line":13,"column":26},"end":{"line":14,"column":14}}]},"12":{"type":"branch","line":14,"loc":{"start":{"line":14,"column":13},"end":{"line":14,"column":14}},"locations":[{"start":{"line":14,"column":13},"end":{"line":14,"column":14}}]},"13":{"type":"branch","line":14,"loc":{"start":{"line":14,"column":13},"end":{"line":14,"column":14}},"locations":[{"start":{"line":14,"column":13},"end":{"line":14,"column":14}}]},"14":{"type":"branch","line":16,"loc":{"start":{"line":16,"column":26},"end":{"line":16,"column":29}},"locations":[{"start":{"line":16,"column":26},"end":{"line":16,"column":29}}]},"15":{"type":"branch","line":16,"loc":{"start":{"line":16,"column":29},"end":{"line":22,"column":24}},"locations":[{"start":{"line":16,"column":29},"end":{"line":22,"column":24}}]},"16":{"type":"branch","line":16,"loc":{"start":{"line":16,"column":29},"end":{"line":22,"column":24}},"locations":[{"start":{"line":16,"column":29},"end":{"line":22,"column":24}}]},"17":{"type":"branch","line":16,"loc":{"start":{"line":16,"column":29},"end":{"line":20,"column":5}},"locations":[{"start":{"line":16,"column":29},"end":{"line":20,"column":5}}]},"18":{"type":"branch","line":20,"loc":{"start":{"line":20,"column":4},"end":{"line":22,"column":24}},"locations":[{"start":{"line":20,"column":4},"end":{"line":22,"column":24}}]},"19":{"type":"branch","line":22,"loc":{"start":{"line":22,"column":23},"end":{"line":22,"column":24}},"locations":[{"start":{"line":22,"column":23},"end":{"line":22,"column":24}}]},"20":{"type":"branch","line":22,"loc":{"start":{"line":22,"column":23},"end":{"line":22,"column":24}},"locations":[{"start":{"line":22,"column":23},"end":{"line":22,"column":24}}]}},"b":{"0":[28],"1":[0],"2":[14],"3":[4],"4":[14],"5":[14],"6":[28],"7":[2],"8":[7],"9":[21],"10":[7],"11":[7],"12":[0],"13":[7],"14":[2],"15":[7],"16":[21],"17":[7],"18":[7],"19":[0],"20":[7]},"fnMap":{"0":{"name":"asyncGeneratorStep","decl":{"start":{"line":2,"column":0},"end":{"line":2,"column":34}},"loc":{"start":{"line":2,"column":0},"end":{"line":2,"column":34}},"line":2},"1":{"name":"_asyncToGenerator","decl":{"start":{"line":2,"column":0},"end":{"line":2,"column":34}},"loc":{"start":{"line":2,"column":0},"end":{"line":2,"column":34}},"line":2},"2":{"name":"_next","decl":{"start":{"line":2,"column":0},"end":{"line":2,"column":34}},"loc":{"start":{"line":2,"column":0},"end":{"line":2,"column":34}},"line":2},"3":{"name":"_throw","decl":{"start":{"line":2,"column":0},"end":{"line":2,"column":34}},"loc":{"start":{"line":2,"column":0},"end":{"line":2,"column":34}},"line":2},"4":{"name":"_callee","decl":{"start":{"line":7,"column":26},"end":{"line":14,"column":14}},"loc":{"start":{"line":7,"column":26},"end":{"line":14,"column":14}},"line":7},"5":{"name":"_callee$","decl":{"start":{"line":7,"column":26},"end":{"line":14,"column":14}},"loc":{"start":{"line":7,"column":26},"end":{"line":14,"column":14}},"line":7},"6":{"name":"_callee2","decl":{"start":{"line":16,"column":29},"end":{"line":22,"column":24}},"loc":{"start":{"line":16,"column":29},"end":{"line":22,"column":24}},"line":16},"7":{"name":"_callee2$","decl":{"start":{"line":16,"column":29},"end":{"line":22,"column":24}},"loc":{"start":{"line":16,"column":29},"end":{"line":22,"column":24}},"line":16}},"f":{"0":28,"1":4,"2":28,"3":0,"4":7,"5":21,"6":7,"7":21}}
,"/home/rawda/Dev/stream-mix/backend/src/utils/config.js": {"path":"/home/rawda/Dev/stream-mix/backend/src/utils/config.js","all":false,"statementMap":{"0":{"start":{"line":1,"column":0},"end":{"line":1,"column":23}},"1":{"start":{"line":2,"column":0},"end":{"line":2,"column":0}},"2":{"start":{"line":3,"column":0},"end":{"line":3,"column":23}},"3":{"start":{"line":4,"column":0},"end":{"line":4,"column":77}},"4":{"start":{"line":5,"column":0},"end":{"line":5,"column":49}},"5":{"start":{"line":6,"column":0},"end":{"line":6,"column":53}},"6":{"start":{"line":7,"column":0},"end":{"line":7,"column":33}},"7":{"start":{"line":8,"column":0},"end":{"line":8,"column":2}}},"s":{"0":1,"1":1,"2":1,"3":1,"4":1,"5":1,"6":1,"7":1},"branchMap":{"0":{"type":"branch","line":5,"loc":{"start":{"line":5,"column":36},"end":{"line":5,"column":48}},"locations":[{"start":{"line":5,"column":36},"end":{"line":5,"column":48}}]},"1":{"type":"branch","line":7,"loc":{"start":{"line":7,"column":24},"end":{"line":7,"column":33}},"locations":[{"start":{"line":7,"column":24},"end":{"line":7,"column":33}}]}},"b":{"0":[0],"1":[0]},"fnMap":{},"f":{}}
,"/home/rawda/Dev/stream-mix/backend/src/utils/dbConnection.js": {"path":"/home/rawda/Dev/stream-mix/backend/src/utils/dbConnection.js","all":false,"statementMap":{"0":{"start":{"line":1,"column":0},"end":{"line":1,"column":32}},"1":{"start":{"line":2,"column":0},"end":{"line":2,"column":23}},"2":{"start":{"line":3,"column":0},"end":{"line":3,"column":41}},"3":{"start":{"line":4,"column":0},"end":{"line":4,"column":0}},"4":{"start":{"line":5,"column":0},"end":{"line":5,"column":36}},"5":{"start":{"line":6,"column":0},"end":{"line":6,"column":45}},"6":{"start":{"line":7,"column":0},"end":{"line":7,"column":41}},"7":{"start":{"line":8,"column":0},"end":{"line":8,"column":27}},"8":{"start":{"line":9,"column":0},"end":{"line":9,"column":38}},"9":{"start":{"line":10,"column":0},"end":{"line":10,"column":39}},"10":{"start":{"line":11,"column":0},"end":{"line":11,"column":35}},"11":{"start":{"line":12,"column":0},"end":{"line":12,"column":23}},"12":{"start":{"line":13,"column":0},"end":{"line":13,"column":5}},"13":{"start":{"line":14,"column":0},"end":{"line":14,"column":0}},"14":{"start":{"line":15,"column":0},"end":{"line":15,"column":36}},"15":{"start":{"line":16,"column":0},"end":{"line":16,"column":38}},"16":{"start":{"line":17,"column":0},"end":{"line":17,"column":5}},"17":{"start":{"line":18,"column":0},"end":{"line":18,"column":2}},"18":{"start":{"line":19,"column":0},"end":{"line":19,"column":0}},"19":{"start":{"line":20,"column":0},"end":{"line":20,"column":44}},"20":{"start":{"line":21,"column":0},"end":{"line":21,"column":34}},"21":{"start":{"line":22,"column":0},"end":{"line":22,"column":30}},"22":{"start":{"line":23,"column":0},"end":{"line":23,"column":32}},"23":{"start":{"line":24,"column":0},"end":{"line":24,"column":35}},"24":{"start":{"line":25,"column":0},"end":{"line":25,"column":2}},"25":{"start":{"line":26,"column":0},"end":{"line":26,"column":0}},"26":{"start":{"line":27,"column":0},"end":{"line":27,"column":35}},"27":{"start":{"line":28,"column":0},"end":{"line":28,"column":34}},"28":{"start":{"line":29,"column":0},"end":{"line":29,"column":54}},"29":{"start":{"line":30,"column":0},"end":{"line":30,"column":0}},"30":{"start":{"line":31,"column":0},"end":{"line":31,"column":34}},"31":{"start":{"line":32,"column":0},"end":{"line":32,"column":76}},"32":{"start":{"line":33,"column":0},"end":{"line":33,"column":3}},"33":{"start":{"line":34,"column":0},"end":{"line":34,"column":47}},"34":{"start":{"line":35,"column":0},"end":{"line":35,"column":53}},"35":{"start":{"line":36,"column":0},"end":{"line":36,"column":2}}},"s":{"0":1,"1":0,"2":1,"3":1,"4":1,"5":2,"6":2,"7":2,"8":2,"9":2,"10":2,"11":0,"12":2,"13":2,"14":2,"15":0,"16":2,"17":1,"18":1,"19":1,"20":1,"21":0,"22":0,"23":0,"24":1,"25":1,"26":1,"27":1,"28":0,"29":0,"30":0,"31":0,"32":0,"33":0,"34":0,"35":1},"branchMap":{"0":{"type":"branch","line":2,"loc":{"start":{"line":2,"column":0},"end":{"line":2,"column":23}},"locations":[{"start":{"line":2,"column":0},"end":{"line":2,"column":23}}]},"1":{"type":"branch","line":2,"loc":{"start":{"line":2,"column":0},"end":{"line":2,"column":23}},"locations":[{"start":{"line":2,"column":0},"end":{"line":2,"column":23}}]},"2":{"type":"branch","line":2,"loc":{"start":{"line":2,"column":0},"end":{"line":2,"column":23}},"locations":[{"start":{"line":2,"column":0},"end":{"line":2,"column":23}}]},"3":{"type":"branch","line":2,"loc":{"start":{"line":2,"column":0},"end":{"line":2,"column":23}},"locations":[{"start":{"line":2,"column":0},"end":{"line":2,"column":23}}]},"4":{"type":"branch","line":2,"loc":{"start":{"line":2,"column":0},"end":{"line":2,"column":23}},"locations":[{"start":{"line":2,"column":0},"end":{"line":2,"column":23}}]},"5":{"type":"branch","line":2,"loc":{"start":{"line":2,"column":0},"end":{"line":2,"column":23}},"locations":[{"start":{"line":2,"column":0},"end":{"line":2,"column":23}}]},"6":{"type":"branch","line":2,"loc":{"start":{"line":2,"column":0},"end":{"line":2,"column":23}},"locations":[{"start":{"line":2,"column":0},"end":{"line":2,"column":23}}]},"7":{"type":"branch","line":5,"loc":{"start":{"line":5,"column":20},"end":{"line":5,"column":23}},"locations":[{"start":{"line":5,"column":20},"end":{"line":5,"column":23}}]},"8":{"type":"branch","line":5,"loc":{"start":{"line":5,"column":23},"end":{"line":17,"column":5}},"locations":[{"start":{"line":5,"column":23},"end":{"line":17,"column":5}}]},"9":{"type":"branch","line":5,"loc":{"start":{"line":5,"column":23},"end":{"line":17,"column":5}},"locations":[{"start":{"line":5,"column":23},"end":{"line":17,"column":5}}]},"10":{"type":"branch","line":5,"loc":{"start":{"line":5,"column":23},"end":{"line":9,"column":38}},"locations":[{"start":{"line":5,"column":23},"end":{"line":9,"column":38}}]},"11":{"type":"branch","line":6,"loc":{"start":{"line":6,"column":34},"end":{"line":6,"column":44}},"locations":[{"start":{"line":6,"column":34},"end":{"line":6,"column":44}}]},"12":{"type":"branch","line":9,"loc":{"start":{"line":9,"column":37},"end":{"line":17,"column":5}},"locations":[{"start":{"line":9,"column":37},"end":{"line":17,"column":5}}]},"13":{"type":"branch","line":21,"loc":{"start":{"line":21,"column":18},"end":{"line":21,"column":21}},"locations":[{"start":{"line":21,"column":18},"end":{"line":21,"column":21}}]},"14":{"type":"branch","line":28,"loc":{"start":{"line":28,"column":18},"end":{"line":28,"column":21}},"locations":[{"start":{"line":28,"column":18},"end":{"line":28,"column":21}}]}},"b":{"0":[4],"1":[0],"2":[2],"3":[6],"4":[2],"5":[2],"6":[4],"7":[2],"8":[2],"9":[4],"10":[2],"11":[0],"12":[2],"13":[2],"14":[2]},"fnMap":{"0":{"name":"asyncGeneratorStep","decl":{"start":{"line":2,"column":0},"end":{"line":2,"column":23}},"loc":{"start":{"line":2,"column":0},"end":{"line":2,"column":23}},"line":2},"1":{"name":"_asyncToGenerator","decl":{"start":{"line":2,"column":0},"end":{"line":2,"column":23}},"loc":{"start":{"line":2,"column":0},"end":{"line":2,"column":23}},"line":2},"2":{"name":"_next","decl":{"start":{"line":2,"column":0},"end":{"line":2,"column":23}},"loc":{"start":{"line":2,"column":0},"end":{"line":2,"column":23}},"line":2},"3":{"name":"_throw","decl":{"start":{"line":2,"column":0},"end":{"line":2,"column":23}},"loc":{"start":{"line":2,"column":0},"end":{"line":2,"column":23}},"line":2},"4":{"name":"_callee","decl":{"start":{"line":5,"column":23},"end":{"line":17,"column":5}},"loc":{"start":{"line":5,"column":23},"end":{"line":17,"column":5}},"line":5},"5":{"name":"_callee$","decl":{"start":{"line":5,"column":23},"end":{"line":17,"column":5}},"loc":{"start":{"line":5,"column":23},"end":{"line":17,"column":5}},"line":5},"6":{"name":"_callee2","decl":{"start":{"line":21,"column":21},"end":{"line":24,"column":35}},"loc":{"start":{"line":21,"column":21},"end":{"line":24,"column":35}},"line":21},"7":{"name":"_callee3","decl":{"start":{"line":28,"column":21},"end":{"line":35,"column":53}},"loc":{"start":{"line":28,"column":21},"end":{"line":35,"column":53}},"line":28}},"f":{"0":4,"1":6,"2":4,"3":0,"4":2,"5":4,"6":0,"7":0}}
,"/home/rawda/Dev/stream-mix/backend/src/utils/dbSettings.js": {"path":"/home/rawda/Dev/stream-mix/backend/src/utils/dbSettings.js","all":false,"statementMap":{"0":{"start":{"line":1,"column":0},"end":{"line":1,"column":23}},"1":{"start":{"line":2,"column":0},"end":{"line":2,"column":0}},"2":{"start":{"line":3,"column":0},"end":{"line":3,"column":26}},"3":{"start":{"line":4,"column":0},"end":{"line":4,"column":9}},"4":{"start":{"line":5,"column":0},"end":{"line":5,"column":39}},"5":{"start":{"line":6,"column":0},"end":{"line":6,"column":4}},"6":{"start":{"line":7,"column":0},"end":{"line":7,"column":16}},"7":{"start":{"line":8,"column":0},"end":{"line":8,"column":34}},"8":{"start":{"line":9,"column":0},"end":{"line":9,"column":4}},"9":{"start":{"line":10,"column":0},"end":{"line":10,"column":2}}},"s":{"0":1,"1":1,"2":1,"3":1,"4":1,"5":1,"6":1,"7":1,"8":1,"9":1},"branchMap":{},"b":{},"fnMap":{},"f":{}}
}
