TN:
SF:src/server.js
FNF:0
FNH:0
DA:1,1
DA:2,1
DA:3,1
DA:4,1
DA:5,1
DA:6,1
DA:7,1
DA:8,1
DA:9,0
DA:10,1
DA:11,1
DA:12,1
DA:13,1
DA:14,1
DA:15,1
DA:16,0
DA:17,0
DA:18,0
DA:19,0
DA:20,0
DA:21,0
DA:22,0
DA:23,0
DA:24,0
DA:25,0
DA:26,0
DA:27,0
DA:28,0
DA:29,1
DA:30,1
DA:31,2
DA:32,2
DA:33,2
DA:34,0
DA:35,0
DA:36,0
DA:37,1
DA:38,1
LF:38
LH:21
BRDA:15,0,0,0
BRDA:30,1,0,2
BRDA:33,2,0,0
BRF:3
BRH:1
end_of_record
TN:
SF:src/controllers/auth.controller.js
FN:2,asyncGeneratorStep
FN:2,_asyncToGenerator
FN:2,_next
FN:2,_throw
FN:5,hasAuthorization
FN:14,_callee
FN:14,_callee$
FN:52,logout
FNF:8
FNH:6
FNDA:12,asyncGeneratorStep
FNDA:1,_asyncToGenerator
FNDA:12,_next
FNDA:0,_throw
FNDA:2,hasAuthorization
FNDA:6,_callee
FNDA:18,_callee$
FNDA:0,logout
DA:1,1
DA:2,0
DA:3,1
DA:4,1
DA:5,1
DA:6,2
DA:7,2
DA:8,0
DA:9,0
DA:10,0
DA:11,0
DA:12,2
DA:13,2
DA:14,1
DA:15,6
DA:16,6
DA:17,6
DA:18,6
DA:19,6
DA:20,0
DA:21,0
DA:22,0
DA:23,6
DA:24,6
DA:25,0
DA:26,0
DA:27,0
DA:28,6
DA:29,6
DA:30,6
DA:31,6
DA:32,6
DA:33,6
DA:34,6
DA:35,6
DA:36,6
DA:37,6
DA:38,6
DA:39,6
DA:40,6
DA:41,6
DA:42,6
DA:43,6
DA:44,6
DA:45,6
DA:46,0
DA:47,0
DA:48,0
DA:49,0
DA:50,1
DA:51,1
DA:52,1
DA:53,0
DA:54,0
DA:55,0
DA:56,0
DA:57,0
DA:58,1
DA:59,1
DA:60,1
DA:61,1
DA:62,1
LF:62
LH:42
BRDA:2,0,0,12
BRDA:2,1,0,0
BRDA:2,2,0,6
BRDA:2,3,0,1
BRDA:2,4,0,6
BRDA:2,5,0,6
BRDA:2,6,0,12
BRDA:5,7,0,2
BRDA:7,8,0,0
BRDA:14,9,0,1
BRDA:14,10,0,6
BRDA:14,11,0,18
BRDA:14,12,0,30
BRDA:14,13,0,6
BRDA:18,14,0,6
BRDA:19,15,0,0
BRDA:22,16,0,6
BRDA:24,17,0,0
BRDA:27,18,0,6
BRDA:45,19,0,0
BRDA:49,20,0,0
BRDA:49,21,0,6
BRF:22
BRH:16
end_of_record
TN:
SF:src/controllers/media.controller.js
FN:2,asyncGeneratorStep
FN:2,_asyncToGenerator
FN:11,create
FN:41,_callee2
FN:54,_callee3
FN:71,video
FN:114,_callee4
FN:124,_callee5
FN:137,_callee6
FN:150,_callee7
FN:163,isPoster
FN:173,_callee8
FN:186,_callee9
FN:202,_callee10
FNF:14
FNH:1
FNDA:0,asyncGeneratorStep
FNDA:9,_asyncToGenerator
FNDA:0,create
FNDA:0,_callee2
FNDA:0,_callee3
FNDA:0,video
FNDA:0,_callee4
FNDA:0,_callee5
FNDA:0,_callee6
FNDA:0,_callee7
FNDA:0,isPoster
FNDA:0,_callee8
FNDA:0,_callee9
FNDA:0,_callee10
DA:1,1
DA:2,0
DA:3,1
DA:4,1
DA:5,1
DA:6,1
DA:7,1
DA:8,1
DA:9,1
DA:10,1
DA:11,1
DA:12,0
DA:13,0
DA:14,0
DA:15,0
DA:16,0
DA:17,0
DA:18,0
DA:19,0
DA:20,0
DA:21,0
DA:22,0
DA:23,0
DA:24,0
DA:25,0
DA:26,0
DA:27,0
DA:28,0
DA:29,0
DA:30,0
DA:31,0
DA:32,0
DA:33,0
DA:34,0
DA:35,0
DA:36,0
DA:37,0
DA:38,0
DA:39,0
DA:40,0
DA:41,1
DA:42,0
DA:43,0
DA:44,0
DA:45,0
DA:46,0
DA:47,0
DA:48,0
DA:49,0
DA:50,0
DA:51,0
DA:52,1
DA:53,1
DA:54,1
DA:55,0
DA:56,0
DA:57,0
DA:58,0
DA:59,0
DA:60,0
DA:61,0
DA:62,0
DA:63,0
DA:64,0
DA:65,0
DA:66,0
DA:67,0
DA:68,0
DA:69,1
DA:70,1
DA:71,1
DA:72,0
DA:73,0
DA:74,0
DA:75,0
DA:76,0
DA:77,0
DA:78,0
DA:79,0
DA:80,0
DA:81,0
DA:82,0
DA:83,0
DA:84,0
DA:85,0
DA:86,0
DA:87,0
DA:88,0
DA:89,0
DA:90,0
DA:91,0
DA:92,0
DA:93,0
DA:94,0
DA:95,0
DA:96,0
DA:97,0
DA:98,0
DA:99,0
DA:100,0
DA:101,0
DA:102,0
DA:103,0
DA:104,0
DA:105,0
DA:106,0
DA:107,0
DA:108,0
DA:109,0
DA:110,0
DA:111,0
DA:112,0
DA:113,0
DA:114,1
DA:115,0
DA:116,0
DA:117,0
DA:118,0
DA:119,0
DA:120,0
DA:121,0
DA:122,0
DA:123,1
DA:124,1
DA:125,0
DA:126,0
DA:127,0
DA:128,0
DA:129,0
DA:130,0
DA:131,0
DA:132,0
DA:133,0
DA:134,1
DA:135,1
DA:136,1
DA:137,1
DA:138,0
DA:139,0
DA:140,0
DA:141,0
DA:142,0
DA:143,0
DA:144,0
DA:145,0
DA:146,0
DA:147,0
DA:148,1
DA:149,1
DA:150,1
DA:151,0
DA:152,0
DA:153,0
DA:154,0
DA:155,0
DA:156,0
DA:157,0
DA:158,0
DA:159,0
DA:160,0
DA:161,1
DA:162,1
DA:163,1
DA:164,0
DA:165,0
DA:166,0
DA:167,0
DA:168,0
DA:169,0
DA:170,0
DA:171,0
DA:172,0
DA:173,1
DA:174,0
DA:175,0
DA:176,0
DA:177,0
DA:178,0
DA:179,0
DA:180,0
DA:181,0
DA:182,0
DA:183,0
DA:184,1
DA:185,1
DA:186,1
DA:187,0
DA:188,0
DA:189,0
DA:190,0
DA:191,0
DA:192,0
DA:193,0
DA:194,0
DA:195,0
DA:196,0
DA:197,0
DA:198,0
DA:199,0
DA:200,1
DA:201,1
DA:202,1
DA:203,0
DA:204,0
DA:205,0
DA:206,0
DA:207,0
DA:208,0
DA:209,0
DA:210,0
DA:211,0
DA:212,0
DA:213,0
DA:214,0
DA:215,1
DA:216,1
LF:216
LH:39
BRDA:2,0,0,9
BRDA:7,1,0,1
BRDA:41,2,0,1
BRDA:54,3,0,1
BRDA:114,4,0,1
BRDA:124,5,0,1
BRDA:137,6,0,1
BRDA:150,7,0,1
BRDA:173,8,0,1
BRDA:186,9,0,1
BRDA:202,10,0,1
BRF:11
BRH:11
end_of_record
TN:
SF:src/controllers/user.controller.js
FN:2,asyncGeneratorStep
FN:2,_asyncToGenerator
FN:2,_next
FN:2,_throw
FN:6,passwordComplexity
FN:21,_callee
FN:21,_callee$
FN:50,_callee2
FN:50,_callee2$
FN:66,read
FN:71,_callee3
FN:71,_callee3$
FN:81,_callee5
FN:81,_callee5$
FN:84,_callee4
FN:84,_callee4$
FN:112,_callee6
FN:112,_callee6$
FN:127,photo
FN:135,defaultPhoto
FNF:20
FNH:17
FNDA:24,asyncGeneratorStep
FNDA:6,_asyncToGenerator
FNDA:24,_next
FNDA:0,_throw
FNDA:3,passwordComplexity
FNDA:3,_callee
FNDA:10,_callee$
FNDA:5,_callee2
FNDA:10,_callee2$
FNDA:1,read
FNDA:1,_callee3
FNDA:2,_callee3$
FNDA:1,_callee5
FNDA:1,_callee5$
FNDA:1,_callee4
FNDA:3,_callee4$
FNDA:1,_callee6
FNDA:2,_callee6$
FNDA:0,photo
FNDA:0,defaultPhoto
DA:1,1
DA:2,0
DA:3,1
DA:4,1
DA:5,1
DA:6,1
DA:7,3
DA:8,3
DA:9,3
DA:10,3
DA:11,3
DA:12,0
DA:13,0
DA:14,0
DA:15,0
DA:16,0
DA:17,3
DA:18,3
DA:19,3
DA:20,1
DA:21,1
DA:22,3
DA:23,3
DA:24,3
DA:25,3
DA:26,3
DA:27,1
DA:28,1
DA:29,1
DA:30,2
DA:31,2
DA:32,2
DA:33,1
DA:34,1
DA:35,1
DA:36,1
DA:37,1
DA:38,1
DA:39,1
DA:40,1
DA:41,1
DA:42,0
DA:43,0
DA:44,0
DA:45,0
DA:46,0
DA:47,1
DA:48,1
DA:49,1
DA:50,1
DA:51,5
DA:52,5
DA:53,5
DA:54,5
DA:55,0
DA:56,0
DA:57,0
DA:58,5
DA:59,5
DA:60,0
DA:61,0
DA:62,0
DA:63,0
DA:64,1
DA:65,1
DA:66,1
DA:67,1
DA:68,1
DA:69,1
DA:70,1
DA:71,1
DA:72,1
DA:73,1
DA:74,1
DA:75,0
DA:76,0
DA:77,0
DA:78,0
DA:79,1
DA:80,1
DA:81,1
DA:82,1
DA:83,1
DA:84,1
DA:85,1
DA:86,0
DA:87,0
DA:88,0
DA:89,1
DA:90,1
DA:91,1
DA:92,1
DA:93,1
DA:94,0
DA:95,0
DA:96,0
DA:97,1
DA:98,1
DA:99,1
DA:100,1
DA:101,1
DA:102,1
DA:103,1
DA:104,1
DA:105,0
DA:106,0
DA:107,0
DA:108,0
DA:109,1
DA:110,1
DA:111,1
DA:112,1
DA:113,1
DA:114,1
DA:115,1
DA:116,1
DA:117,1
DA:118,1
DA:119,1
DA:120,0
DA:121,0
DA:122,0
DA:123,0
DA:124,0
DA:125,1
DA:126,1
DA:127,1
DA:128,0
DA:129,0
DA:130,0
DA:131,0
DA:132,0
DA:133,0
DA:134,0
DA:135,1
DA:136,0
DA:137,0
LF:137
LH:91
BRDA:2,0,0,24
BRDA:2,1,0,0
BRDA:2,2,0,12
BRDA:2,3,0,6
BRDA:2,4,0,12
BRDA:2,5,0,12
BRDA:2,6,0,24
BRDA:6,7,0,3
BRDA:11,8,0,0
BRDA:21,9,0,1
BRDA:21,10,0,3
BRDA:21,11,0,10
BRDA:21,12,0,13
BRDA:21,13,0,3
BRDA:25,14,0,3
BRDA:26,15,0,2
BRDA:26,16,0,1
BRDA:29,17,0,2
BRDA:32,18,0,1
BRDA:35,19,0,1
BRDA:37,20,0,1
BRDA:41,21,0,0
BRDA:46,22,0,0
BRDA:46,23,0,3
BRDA:50,24,0,1
BRDA:50,25,0,5
BRDA:50,26,0,10
BRDA:50,27,0,20
BRDA:50,28,0,5
BRDA:53,29,0,5
BRDA:54,30,0,0
BRDA:57,31,0,5
BRDA:60,32,0,0
BRDA:63,33,0,5
BRDA:63,34,0,5
BRDA:66,35,0,1
BRDA:71,36,0,1
BRDA:71,37,0,1
BRDA:71,38,0,2
BRDA:71,39,0,3
BRDA:71,40,0,1
BRDA:73,41,0,1
BRDA:75,42,0,0
BRDA:78,43,0,1
BRDA:78,44,0,1
BRDA:81,45,0,1
BRDA:81,46,0,1
BRDA:81,47,0,1
BRDA:84,48,0,1
BRDA:84,49,0,1
BRDA:84,50,0,3
BRDA:84,51,0,4
BRDA:84,52,0,1
BRDA:85,53,0,0
BRDA:88,54,0,1
BRDA:93,55,0,0
BRDA:98,56,0,1
BRDA:104,57,0,0
BRDA:108,58,0,0
BRDA:108,59,0,1
BRDA:110,60,0,1
BRDA:112,61,0,1
BRDA:112,62,0,1
BRDA:112,63,0,2
BRDA:112,64,0,3
BRDA:112,65,0,1
BRDA:115,66,0,1
BRDA:120,67,0,0
BRDA:124,68,0,1
BRDA:124,69,0,1
BRF:70
BRH:58
end_of_record
TN:
SF:src/models/media.model.js
FNF:0
FNH:0
DA:1,1
DA:2,1
DA:3,1
DA:4,1
DA:5,1
DA:6,1
DA:7,1
DA:8,1
DA:9,1
DA:10,1
DA:11,1
DA:12,1
DA:13,1
DA:14,1
DA:15,1
DA:16,1
DA:17,1
DA:18,1
DA:19,1
DA:20,1
LF:20
LH:20
BRF:0
BRH:0
end_of_record
TN:
SF:src/models/user.model.js
FN:57,authenticate
FN:60,encryptPassword
FN:71,makeSalt
FNF:3
FNH:3
FNDA:6,authenticate
FNDA:19,encryptPassword
FNDA:13,makeSalt
DA:1,1
DA:2,1
DA:3,1
DA:4,1
DA:5,1
DA:6,1
DA:7,1
DA:8,1
DA:9,1
DA:10,1
DA:11,1
DA:12,1
DA:13,1
DA:14,1
DA:15,1
DA:16,1
DA:17,1
DA:18,1
DA:19,1
DA:20,1
DA:21,1
DA:22,1
DA:23,1
DA:24,1
DA:25,1
DA:26,1
DA:27,1
DA:28,1
DA:29,1
DA:30,1
DA:31,1
DA:32,1
DA:33,1
DA:34,1
DA:35,1
DA:36,1
DA:37,1
DA:38,1
DA:39,13
DA:40,13
DA:41,13
DA:42,13
DA:43,1
DA:44,1
DA:45,1
DA:46,1
DA:47,1
DA:48,11
DA:49,0
DA:50,0
DA:51,11
DA:52,0
DA:53,0
DA:54,1
DA:55,1
DA:56,1
DA:57,1
DA:58,6
DA:59,1
DA:60,1
DA:61,19
DA:62,19
DA:63,19
DA:64,19
DA:65,19
DA:66,19
DA:67,19
DA:68,0
DA:69,0
DA:70,1
DA:71,1
DA:72,13
DA:73,13
DA:74,1
DA:75,1
DA:76,1
LF:76
LH:70
BRDA:38,0,0,13
BRDA:43,1,0,1
BRDA:47,2,0,11
BRDA:48,3,0,0
BRDA:51,4,0,10
BRDA:51,5,0,0
BRDA:57,6,0,6
BRDA:60,7,0,19
BRDA:61,8,0,0
BRDA:67,9,0,0
BRDA:71,10,0,13
BRF:11
BRH:7
end_of_record
TN:
SF:src/routes/auth.route.js
FNF:0
FNH:0
DA:1,1
DA:2,1
DA:3,1
DA:4,1
DA:5,1
DA:6,1
DA:7,1
LF:7
LH:7
BRF:0
BRH:0
end_of_record
TN:
SF:src/routes/media.route.js
FNF:0
FNH:0
DA:1,1
DA:2,1
DA:3,1
DA:4,1
DA:5,1
DA:6,1
DA:7,1
DA:8,1
DA:9,1
DA:10,1
DA:11,1
DA:12,1
DA:13,1
DA:14,1
DA:15,1
DA:16,1
DA:17,1
DA:18,1
DA:19,1
DA:20,1
DA:21,1
DA:22,1
DA:23,1
DA:24,1
DA:25,1
DA:26,1
DA:27,1
DA:28,1
DA:29,1
DA:30,1
DA:31,1
DA:32,1
DA:33,1
DA:34,1
DA:35,1
LF:35
LH:35
BRF:0
BRH:0
end_of_record
TN:
SF:src/routes/user.route.js
FNF:0
FNH:0
DA:1,1
DA:2,1
DA:3,1
DA:4,1
DA:5,1
DA:6,1
DA:7,1
DA:8,1
DA:9,1
DA:10,1
DA:11,1
DA:12,1
DA:13,1
DA:14,1
DA:15,1
DA:16,1
DA:17,1
DA:18,1
DA:19,1
DA:20,1
DA:21,1
DA:22,1
DA:23,1
DA:24,1
LF:24
LH:24
BRF:0
BRH:0
end_of_record
TN:
SF:src/tests/authHeader.js
FN:2,asyncGeneratorStep
FN:2,_asyncToGenerator
FN:2,_next
FN:2,_throw
FN:7,_callee
FN:7,_callee$
FN:16,_callee2
FN:16,_callee2$
FNF:8
FNH:7
FNDA:24,asyncGeneratorStep
FNDA:2,_asyncToGenerator
FNDA:24,_next
FNDA:0,_throw
FNDA:6,_callee
FNDA:18,_callee$
FNDA:6,_callee2
FNDA:18,_callee2$
DA:1,1
DA:2,0
DA:3,1
DA:4,1
DA:5,1
DA:6,1
DA:7,1
DA:8,6
DA:9,6
DA:10,6
DA:11,6
DA:12,6
DA:13,6
DA:14,6
DA:15,1
DA:16,1
DA:17,6
DA:18,6
DA:19,6
DA:20,6
DA:21,6
DA:22,6
DA:23,1
LF:23
LH:22
BRDA:2,0,0,24
BRDA:2,1,0,0
BRDA:2,2,0,12
BRDA:2,3,0,2
BRDA:2,4,0,12
BRDA:2,5,0,12
BRDA:2,6,0,24
BRDA:7,7,0,1
BRDA:7,8,0,6
BRDA:7,9,0,18
BRDA:7,10,0,6
BRDA:13,11,0,6
BRDA:14,12,0,0
BRDA:14,13,0,6
BRDA:16,14,0,1
BRDA:16,15,0,6
BRDA:16,16,0,18
BRDA:16,17,0,6
BRDA:20,18,0,6
BRDA:22,19,0,0
BRDA:22,20,0,6
BRF:21
BRH:18
end_of_record
TN:
SF:src/utils/config.js
FNF:0
FNH:0
DA:1,1
DA:2,1
DA:3,1
DA:4,1
DA:5,1
DA:6,1
DA:7,1
DA:8,1
LF:8
LH:8
BRDA:5,0,0,0
BRDA:7,1,0,0
BRF:2
BRH:0
end_of_record
TN:
SF:src/utils/dbConnection.js
FN:2,asyncGeneratorStep
FN:2,_asyncToGenerator
FN:2,_next
FN:2,_throw
FN:5,_callee
FN:5,_callee$
FN:21,_callee2
FN:28,_callee3
FNF:8
FNH:5
FNDA:2,asyncGeneratorStep
FNDA:3,_asyncToGenerator
FNDA:2,_next
FNDA:0,_throw
FNDA:1,_callee
FNDA:2,_callee$
FNDA:0,_callee2
FNDA:0,_callee3
DA:1,1
DA:2,0
DA:3,1
DA:4,1
DA:5,1
DA:6,1
DA:7,1
DA:8,1
DA:9,1
DA:10,1
DA:11,1
DA:12,0
DA:13,1
DA:14,1
DA:15,1
DA:16,0
DA:17,1
DA:18,1
DA:19,1
DA:20,1
DA:21,1
DA:22,0
DA:23,0
DA:24,0
DA:25,1
DA:26,1
DA:27,1
DA:28,1
DA:29,0
DA:30,0
DA:31,0
DA:32,0
DA:33,0
DA:34,0
DA:35,0
DA:36,1
LF:36
LH:23
BRDA:2,0,0,2
BRDA:2,1,0,0
BRDA:2,2,0,1
BRDA:2,3,0,3
BRDA:2,4,0,1
BRDA:2,5,0,1
BRDA:2,6,0,2
BRDA:5,7,0,1
BRDA:5,8,0,1
BRDA:5,9,0,2
BRDA:5,10,0,1
BRDA:6,11,0,0
BRDA:9,12,0,1
BRDA:21,13,0,1
BRDA:28,14,0,1
BRF:15
BRH:13
end_of_record
TN:
SF:src/utils/dbSettings.js
FNF:0
FNH:0
DA:1,1
DA:2,1
DA:3,1
DA:4,1
DA:5,1
DA:6,1
DA:7,1
DA:8,1
DA:9,1
DA:10,1
LF:10
LH:10
BRF:0
BRH:0
end_of_record
